labels 1 -1
-1 0.011659 0.988341
-1 0.011716 0.988284
-1 0.0116618 0.988338
-1 0.0116619 0.988338
-1 0.0116839 0.988316
-1 0.0116589 0.988341
-1 0.0116589 0.988341
-1 0.0116614 0.988339
-1 0.0116622 0.988338
-1 0.0116613 0.988339
-1 0.0116702 0.98833
-1 0.0116589 0.988341
-1 0.0116599 0.98834
-1 0.0116589 0.988341
-1 0.0116619 0.988338
-1 0.0116589 0.988341
-1 0.0116595 0.988341
-1 0.0116623 0.988338
-1 0.0116773 0.988323
-1 0.0116591 0.988341
-1 0.0116592 0.988341
-1 0.0116589 0.988341
-1 0.0116727 0.988327
-1 0.0116697 0.98833
-1 0.0116609 0.988339
-1 0.0116589 0.988341
-1 0.011749 0.988251
-1 0.0116738 0.988326
-1 0.0116609 0.988339
-1 0.0116739 0.988326
-1 0.0116599 0.98834
-1 0.0116687 0.988331
-1 0.0116664 0.988334
-1 0.0116618 0.988338
-1 0.0116589 0.988341
-1 0.0116611 0.988339
-1 0.011793 0.988207
-1 0.0116589 0.988341
-1 0.0116594 0.988341
-1 0.0116618 0.988338
-1 0.0116838 0.988316
-1 0.0116731 0.988327
-1 0.011659 0.988341
-1 0.0116605 0.988339
-1 0.0116623 0.988338
-1 0.0116589 0.988341
-1 0.0116589 0.988341
-1 0.0116589 0.988341
-1 0.0116597 0.98834
-1 0.0116698 0.98833
-1 0.0116589 0.988341
-1 0.0116589 0.988341
-1 0.0123186 0.987681
-1 0.011691 0.988309
-1 0.0116615 0.988339
-1 0.0116589 0.988341
-1 0.0116592 0.988341
-1 0.0116319 0.988368
-1 0.0118379 0.988162
-1 0.0116682 0.988332
-1 0.0116589 0.988341
-1 0.0116591 0.988341
-1 0.0116615 0.988339
-1 0.0116589 0.988341
-1 0.0117764 0.988224
-1 0.0116589 0.988341
-1 0.0116605 0.988339
-1 0.0116621 0.988338
-1 0.0116597 0.98834
-1 0.0117838 0.988216
-1 0.0116599 0.98834
-1 0.0116618 0.988338
-1 0.0116741 0.988326
-1 0.0116626 0.988337
-1 0.011661 0.988339
-1 0.0116617 0.988338
-1 0.0116614 0.988339
-1 0.0116601 0.98834
-1 0.0118409 0.988159
-1 0.011667 0.988333
-1 0.0116828 0.988317
-1 0.0116589 0.988341
-1 0.011662 0.988338
-1 0.011667 0.988333
-1 0.011661 0.988339
-1 0.0116615 0.988338
-1 0.0116608 0.988339
-1 0.0116617 0.988338
-1 0.0116623 0.988338
-1 0.0116714 0.988329
-1 0.0116589 0.988341
-1 0.0116589 0.988341
-1 0.0116589 0.988341
-1 0.0116589 0.988341
-1 0.0116589 0.988341
-1 0.011667 0.988333
-1 0.0117209 0.988279
-1 0.0116768 0.988323
-1 0.0116605 0.988339
-1 0.0116678 0.988332
-1 0.0118387 0.988161
-1 0.0116623 0.988338
-1 0.0116622 0.988338
-1 0.0116589 0.988341
-1 0.0116591 0.988341
-1 0.0116623 0.988338
-1 0.0116778 0.988322
-1 0.0116938 0.988306
-1 0.0116589 0.988341
-1 0.0116589 0.988341
-1 0.0116589 0.988341
-1 0.0116733 0.988327
-1 0.0116623 0.988338
-1 0.0116618 0.988338
-1 0.0116589 0.988341
-1 0.0116773 0.988323
-1 0.0116646 0.988335
-1 0.0116597 0.98834
-1 0.0116498 0.98835
-1 0.0116617 0.988338
-1 0.0116589 0.988341
-1 0.0116597 0.98834
-1 0.0116623 0.988338
-1 0.0116619 0.988338
-1 0.0116778 0.988322
-1 0.0116606 0.988339
-1 0.0116589 0.988341
-1 0.0116614 0.988339
-1 0.0116598 0.98834
-1 0.0116605 0.988339
-1 0.0116678 0.988332
-1 0.0116589 0.988341
-1 0.0116619 0.988338
-1 0.0116619 0.988338
-1 0.0116786 0.988321
-1 0.0116621 0.988338
-1 0.0116748 0.988325
-1 0.0118677 0.988132
-1 0.0117872 0.988213
-1 0.0116704 0.98833
-1 0.011671 0.988329
-1 0.0116597 0.98834
-1 0.0116589 0.988341
-1 0.0116623 0.988338
-1 0.0116611 0.988339
-1 0.011793 0.988207
-1 0.0116589 0.988341
-1 0.0116589 0.988341
-1 0.0116591 0.988341
-1 0.0116589 0.988341
-1 0.0116619 0.988338
-1 0.0116591 0.988341
-1 0.0116611 0.988339
-1 0.0116605 0.98834
-1 0.0116599 0.98834
-1 0.0116764 0.988324
-1 0.0116767 0.988323
-1 0.011673 0.988327
-1 0.0116589 0.988341
-1 0.0116698 0.98833
-1 0.0116598 0.98834
-1 0.0116591 0.988341
-1 0.0116619 0.988338
-1 0.0116667 0.988333
-1 0.0116618 0.988338
-1 0.0116712 0.988329
-1 0.0116597 0.98834
-1 0.0116609 0.988339
-1 0.0116625 0.988337
-1 0.0116778 0.988322
-1 0.0116592 0.988341
-1 0.0116606 0.988339
-1 0.0116623 0.988338
-1 0.011659 0.988341
-1 0.0116809 0.988319
-1 0.0116712 0.988329
-1 0.0116766 0.988323
-1 0.0116592 0.988341
-1 0.0116589 0.988341
-1 0.011673 0.988327
-1 0.0116615 0.988339
-1 0.0116591 0.988341
-1 0.0116735 0.988326
-1 0.0116615 0.988339
-1 0.0116597 0.98834
-1 0.0116589 0.988341
-1 0.0116611 0.988339
-1 0.0116589 0.988341
-1 0.0116615 0.988339
-1 0.0116608 0.988339
-1 0.0116654 0.988335
-1 0.0116589 0.988341
-1 0.0116589 0.988341
-1 0.0116618 0.988338
-1 0.0116595 0.988341
-1 0.0116589 0.988341
-1 0.0116589 0.988341
-1 0.0116589 0.988341
-1 0.0116619 0.988338
-1 0.0116591 0.988341
-1 0.0116618 0.988338
-1 0.0116597 0.98834
-1 0.0116587 0.988341
-1 0.0116778 0.988322
-1 0.0116589 0.988341
-1 0.0116623 0.988338
-1 0.0116602 0.98834
-1 0.011671 0.988329
-1 0.0118677 0.988132
-1 0.0116764 0.988324
-1 0.0116589 0.988341
-1 0.0116768 0.988323
-1 0.0116616 0.988338
-1 0.0116473 0.988353
-1 0.0116593 0.988341
-1 0.0116611 0.988339
-1 0.0116589 0.988341
-1 0.01175 0.98825
-1 0.0116591 0.988341
-1 0.0116782 0.988322
-1 0.0116615 0.988339
-1 0.011659 0.988341
-1 0.0117111 0.988289
-1 0.0116589 0.988341
-1 0.0116619 0.988338
-1 0.0116601 0.98834
-1 0.0116621 0.988338
-1 0.0116597 0.98834
-1 0.0116615 0.988339
-1 0.0116618 0.988338
-1 0.0116589 0.988341
-1 0.0116618 0.988338
-1 0.0116768 0.988323
-1 0.0118379 0.988162
-1 0.0116589 0.988341
-1 0.0117127 0.988287
-1 0.0115899 0.98841
-1 0.0116589 0.988341
-1 0.0116595 0.988341
-1 0.0116614 0.988339
-1 0.01167 0.98833
-1 0.0116589 0.988341
-1 0.0116591 0.988341
-1 0.0116721 0.988328
-1 0.0116733 0.988327
-1 0.0116591 0.988341
-1 0.0116591 0.988341
-1 0.0116599 0.98834
-1 0.011659 0.988341
-1 0.0116597 0.98834
-1 0.0116589 0.988341
-1 0.0118379 0.988162
-1 0.0116841 0.988316
-1 0.0116625 0.988337
-1 0.0116571 0.988343
-1 0.0116617 0.988338
-1 0.0116589 0.988341
-1 0.0116611 0.988339
-1 0.0118679 0.988132
-1 0.0116589 0.988341
-1 0.0116589 0.988341
-1 0.0116589 0.988341
-1 0.0116589 0.988341
-1 0.0116591 0.988341
-1 0.0116773 0.988323
-1 0.0116589 0.988341
-1 0.0116609 0.988339
-1 0.0117878 0.988212
-1 0.0116617 0.988338
-1 0.0116703 0.98833
-1 0.0120244 0.987976
-1 0.0116592 0.988341
-1 0.0116589 0.988341
-1 0.0116589 0.988341
-1 0.0117126 0.988287
-1 0.0116595 0.988341
-1 0.0116615 0.988338
-1 0.0116734 0.988327
-1 0.0116623 0.988338
-1 0.0116611 0.988339
-1 0.0116589 0.988341
-1 0.0116623 0.988338
-1 0.0116589 0.988341
-1 0.0116611 0.988339
-1 0.0116589 0.988341
-1 0.0116618 0.988338
-1 0.0116599 0.98834
-1 0.0116622 0.988338
-1 0.0116685 0.988332
-1 0.0116591 0.988341
-1 0.0116618 0.988338
-1 0.0116605 0.98834
-1 0.0116589 0.988341
-1 0.0118455 0.988155
-1 0.0116662 0.988334
-1 0.0116646 0.988335
-1 0.0116592 0.988341
-1 0.0116605 0.98834
-1 0.0116724 0.988328
-1 0.0116589 0.988341
-1 0.0116718 0.988328
-1 0.0116617 0.988338
-1 0.0116803 0.98832
-1 0.0116623 0.988338
-1 0.0116591 0.988341
-1 0.0116617 0.988338
-1 0.0116591 0.988341
-1 0.0116902 0.98831
-1 0.0116589 0.988341
-1 0.0116589 0.988341
-1 0.0116589 0.988341
-1 0.0116623 0.988338
-1 0.0116821 0.988318
-1 0.0116838 0.988316
-1 0.0116611 0.988339
-1 0.0116589 0.988341
-1 0.0116692 0.988331
-1 0.0116773 0.988323
-1 0.0116591 0.988341
-1 0.0117893 0.988211
-1 0.0116616 0.988338
-1 0.011684 0.988316
-1 0.0116589 0.988341
-1 0.0116784 0.988322
-1 0.0116682 0.988332
-1 0.0116625 0.988338
-1 0.0116589 0.988341
-1 0.0116591 0.988341
-1 0.0116589 0.988341
-1 0.0117493 0.988251
-1 0.0116683 0.988332
-1 0.0116589 0.988341
-1 0.0116589 0.988341
-1 0.0116589 0.988341
-1 0.011692 0.988308
-1 0.0116618 0.988338
-1 0.0116614 0.988339
-1 0.0116597 0.98834
-1 0.0116589 0.988341
-1 0.0116589 0.988341
-1 0.0116644 0.988336
-1 0.0116773 0.988323
-1 0.0116691 0.988331
-1 0.0116597 0.98834
-1 0.0116619 0.988338
-1 0.0116589 0.988341
-1 0.0116668 0.988333
-1 0.0116591 0.988341
-1 0.0116694 0.988331
-1 0.0116589 0.988341
-1 0.0116839 0.988316
-1 0.0116786 0.988321
-1 0.0116605 0.988339
-1 0.0116618 0.988338
-1 0.011659 0.988341
-1 0.0116605 0.988339
-1 0.0116589 0.988341
-1 0.0116595 0.988341
-1 0.0116731 0.988327
-1 0.0116589 0.988341
-1 0.0116601 0.98834
-1 0.0116589 0.988341
-1 0.0116589 0.988341
-1 0.0116589 0.988341
-1 0.0116589 0.988341
-1 0.0116616 0.988338
-1 0.0116618 0.988338
-1 0.0116591 0.988341
-1 0.0116599 0.98834
-1 0.0116785 0.988321
-1 0.0116589 0.988341
-1 0.0116589 0.988341
-1 0.0116618 0.988338
-1 0.0116618 0.988338
-1 0.0116595 0.988341
-1 0.0116618 0.988338
-1 0.0116589 0.988341
-1 0.011668 0.988332
-1 0.0116591 0.988341
-1 0.0116623 0.988338
-1 0.0116589 0.988341
-1 0.0116589 0.988341
-1 0.0116589 0.988341
-1 0.0116918 0.988308
-1 0.0116608 0.988339
-1 0.0116589 0.988341
-1 0.0116589 0.988341
-1 0.0116754 0.988325
-1 0.0116589 0.988341
-1 0.0118677 0.988132
-1 0.0116589 0.988341
-1 0.0116748 0.988325
-1 0.0116618 0.988338
-1 0.0116742 0.988326
-1 0.011423 0.988577
-1 0.0116589 0.988341
-1 0.0116617 0.988338
-1 0.0116751 0.988325
-1 0.0116589 0.988341
-1 0.0116589 0.988341
-1 0.0116618 0.988338
-1 0.0116592 0.988341
-1 0.0116592 0.988341
-1 0.0116773 0.988323
-1 0.0116768 0.988323
-1 0.01166 0.98834
-1 0.0116734 0.988327
-1 0.0116608 0.988339
-1 0.0116619 0.988338
-1 0.0116621 0.988338
-1 0.0116589 0.988341
-1 0.0118684 0.988132
-1 0.0116589 0.988341
-1 0.0116591 0.988341
-1 0.011839 0.988161
-1 0.0116589 0.988341
-1 0.0116618 0.988338
-1 0.0116616 0.988338
-1 0.0116592 0.988341
-1 0.0116712 0.988329
-1 0.0116597 0.98834
-1 0.0116591 0.988341
-1 0.0116596 0.98834
-1 0.0116621 0.988338
-1 0.0116589 0.988341
-1 0.0116767 0.988323
-1 0.0116619 0.988338
-1 0.0116601 0.98834
-1 0.0116589 0.988341
-1 0.0116587 0.988341
-1 0.0116591 0.988341
-1 0.0116615 0.988339
-1 0.0116668 0.988333
-1 0.0116589 0.988341
-1 0.0116618 0.988338
-1 0.0117872 0.988213
-1 0.0116673 0.988333
-1 0.011661 0.988339
-1 0.0120847 0.987915
-1 0.0118677 0.988132
-1 0.0116592 0.988341
-1 0.0116589 0.988341
-1 0.0116674 0.988333
-1 0.0116589 0.988341
-1 0.0116619 0.988338
-1 0.0116911 0.988309
-1 0.0116592 0.988341
-1 0.0116589 0.988341
-1 0.0116767 0.988323
-1 0.0118379 0.988162
-1 0.0116591 0.988341
-1 0.0116619 0.988338
-1 0.0116589 0.988341
-1 0.0116589 0.988341
-1 0.0116589 0.988341
-1 0.0116589 0.988341
-1 0.0116592 0.988341
-1 0.0116764 0.988324
-1 0.0117861 0.988214
-1 0.0116724 0.988328
-1 0.0116623 0.988338
-1 0.0116735 0.988326
-1 0.0116589 0.988341
-1 0.0116619 0.988338
-1 0.0116591 0.988341
-1 0.0116608 0.988339
-1 0.0116695 0.988331
-1 0.0116615 0.988338
-1 0.0116611 0.988339
-1 0.0116608 0.988339
-1 0.0116986 0.988301
-1 0.0116617 0.988338
-1 0.0116666 0.988333
-1 0.0116645 0.988336
-1 0.0116626 0.988337
-1 0.0116606 0.988339
-1 0.0116654 0.988335
-1 0.0116746 0.988325
-1 0.01171 0.98829
-1 0.0116619 0.988338
-1 0.011793 0.988207
-1 0.0116698 0.98833
-1 0.0116593 0.988341
-1 0.0116758 0.988324
-1 0.0116564 0.988344
-1 0.0116591 0.988341
-1 0.011685 0.988315
-1 0.0116619 0.988338
-1 0.0116591 0.988341
-1 0.0116706 0.988329
-1 0.0116601 0.98834
-1 0.0117226 0.988277
-1 0.0116591 0.988341
-1 0.0116589 0.988341
-1 0.0116589 0.988341
-1 0.0116589 0.988341
-1 0.0116617 0.988338
-1 0.0116611 0.988339
-1 0.0116591 0.988341
-1 0.0116819 0.988318
-1 0.011663 0.988337
-1 0.0116761 0.988324
-1 0.0116673 0.988333
-1 0.0116589 0.988341
-1 0.0116823 0.988318
-1 0.0116589 0.988341
-1 0.0116618 0.988338
-1 0.011662 0.988338
-1 0.0121665 0.987834
-1 0.0117872 0.988213
-1 0.0116595 0.988341
-1 0.0116601 0.98834
-1 0.0120418 0.987958
-1 0.0116773 0.988323
-1 0.0116619 0.988338
-1 0.0116613 0.988339
-1 0.011684 0.988316
-1 0.0122493 0.987751
-1 0.0116619 0.988338
-1 0.0116623 0.988338
-1 0.0116618 0.988338
-1 0.0116613 0.988339
-1 0.0116591 0.988341
-1 0.0116589 0.988341
-1 0.0118679 0.988132
-1 0.0116615 0.988338
-1 0.0116589 0.988341
-1 0.0116589 0.988341
-1 0.0116589 0.988341
-1 0.0116589 0.988341
-1 0.0120187 0.987981
-1 0.0116589 0.988341
-1 0.0120494 0.987951
-1 0.0116613 0.988339
-1 0.0116589 0.988341
-1 0.0118677 0.988132
-1 0.0116606 0.988339
-1 0.0116589 0.988341
-1 0.0118679 0.988132
-1 0.0116615 0.988339
-1 0.0116618 0.988338
-1 0.0116593 0.988341
-1 0.0116601 0.98834
-1 0.0118396 0.98816
-1 0.0116775 0.988322
-1 0.0122871 0.987713
-1 0.0116597 0.98834
-1 0.0116589 0.988341
-1 0.0116589 0.988341
-1 0.0116591 0.988341
-1 0.0117872 0.988213
-1 0.0116765 0.988323
-1 0.0116536 0.988346
-1 0.0116589 0.988341
-1 0.0117101 0.98829
-1 0.0116611 0.988339
-1 0.0116589 0.988341
-1 0.0116589 0.988341
-1 0.0116591 0.988341
-1 0.0116618 0.988338
-1 0.0116589 0.988341
-1 0.0116598 0.98834
-1 0.0116623 0.988338
-1 0.0116618 0.988338
-1 0.0116949 0.988305
-1 0.0116677 0.988332
-1 0.0116589 0.988341
-1 0.0116642 0.988336
-1 0.0116589 0.988341
-1 0.0116589 0.988341
-1 0.0116611 0.988339
-1 0.0116589 0.988341
-1 0.0116591 0.988341
-1 0.0116618 0.988338
-1 0.0116734 0.988327
-1 0.0118171 0.988183
-1 0.0116591 0.988341
-1 0.0116595 0.988341
-1 0.0116611 0.988339
-1 0.0116605 0.988339
-1 0.0116599 0.98834
-1 0.0116589 0.988341
-1 0.0116589 0.988341
-1 0.0117049 0.988295
-1 0.0116625 0.988338
-1 0.0116589 0.988341
-1 0.011659 0.988341
-1 0.0116599 0.98834
-1 0.0116589 0.988341
-1 0.0116628 0.988337
-1 0.0116778 0.988322
-1 0.0116589 0.988341
-1 0.0116411 0.988359
-1 0.0116765 0.988323
-1 0.0116606 0.988339
-1 0.0116589 0.988341
-1 0.0116599 0.98834
-1 0.0116591 0.988341
-1 0.011788 0.988212
-1 0.0116589 0.988341
-1 0.0116589 0.988341
-1 0.0116614 0.988339
-1 0.0116619 0.988338
-1 0.0117085 0.988291
-1 0.0116616 0.988338
-1 0.011659 0.988341
-1 0.0116589 0.988341
-1 0.0116623 0.988338
-1 0.0116615 0.988339
-1 0.0116619 0.988338
-1 0.0116589 0.988341
-1 0.0116618 0.988338
-1 0.0116589 0.988341
-1 0.0116753 0.988325
-1 0.0117009 0.988299
-1 0.0116626 0.988337
-1 0.0116624 0.988338
-1 0.0116634 0.988337
-1 0.0116767 0.988323
-1 0.0116615 0.988338
-1 0.0116589 0.988341
-1 0.0116605 0.98834
-1 0.0116589 0.988341
-1 0.0117018 0.988298
-1 0.0116589 0.988341
-1 0.0116599 0.98834
-1 0.0116605 0.98834
-1 0.0116589 0.988341
-1 0.011667 0.988333
-1 0.0116589 0.988341
-1 0.011659 0.988341
-1 0.0116602 0.98834
-1 0.0116651 0.988335
-1 0.011662 0.988338
-1 0.0116593 0.988341
-1 0.0116589 0.988341
-1 0.0118379 0.988162
-1 0.0116589 0.988341
-1 0.0116589 0.988341
-1 0.0116613 0.988339
-1 0.0116602 0.98834
-1 0.011788 0.988212
-1 0.0124419 0.987558
-1 0.0116549 0.988345
-1 0.0116612 0.988339
-1 0.0116589 0.988341
-1 0.0116595 0.988341
-1 0.0116626 0.988337
-1 0.0116592 0.988341
-1 0.0116623 0.988338
-1 0.0116589 0.988341
-1 0.0116619 0.988338
-1 0.0116589 0.988341
-1 0.0116589 0.988341
-1 0.0116589 0.988341
-1 0.0116604 0.98834
-1 0.0116589 0.988341
-1 0.0116623 0.988338
-1 0.0116589 0.988341
-1 0.0118906 0.988109
-1 0.0116611 0.988339
-1 0.0116589 0.988341
-1 0.0116654 0.988335
-1 0.0116615 0.988339
-1 0.0116731 0.988327
-1 0.0116619 0.988338
-1 0.0116623 0.988338
-1 0.0116591 0.988341
-1 0.0116589 0.988341
-1 0.0116621 0.988338
-1 0.0116589 0.988341
-1 0.0116856 0.988314
-1 0.0116592 0.988341
-1 0.0116589 0.988341
-1 0.0117767 0.988223
-1 0.0116604 0.98834
-1 0.0116597 0.98834
-1 0.0116614 0.988339
-1 0.0116591 0.988341
-1 0.0116589 0.988341
-1 0.0116589 0.988341
-1 0.0116619 0.988338
-1 0.0116589 0.988341
-1 0.0116589 0.988341
-1 0.0116625 0.988337
-1 0.0116591 0.988341
-1 0.0116615 0.988338
-1 0.0116589 0.988341
-1 0.0116608 0.988339
-1 0.0116709 0.988329
-1 0.0116589 0.988341
-1 0.0116589 0.988341
-1 0.0116682 0.988332
-1 0.0116759 0.988324
-1 0.0116589 0.988341
-1 0.0116682 0.988332
-1 0.0116619 0.988338
-1 0.0116612 0.988339
-1 0.0116611 0.988339
-1 0.0116616 0.988338
-1 0.0116589 0.988341
-1 0.0116589 0.988341
-1 0.0116589 0.988341
-1 0.01166 0.98834
-1 0.0116711 0.988329
-1 0.0116612 0.988339
-1 0.0116589 0.988341
-1 0.0116595 0.988341
-1 0.0116589 0.988341
-1 0.0118672 0.988133
-1 0.0116768 0.988323
-1 0.0116773 0.988323
-1 0.011662 0.988338
-1 0.0116849 0.988315
-1 0.0118678 0.988132
-1 0.0116619 0.988338
-1 0.0116603 0.98834
-1 0.0116599 0.98834
-1 0.0116615 0.988339
-1 0.0116619 0.988338
-1 0.0116591 0.988341
-1 0.0116607 0.988339
-1 0.0116617 0.988338
-1 0.0116605 0.988339
-1 0.0116589 0.988341
-1 0.0116618 0.988338
-1 0.0116615 0.988338
-1 0.0116593 0.988341
-1 0.0116589 0.988341
-1 0.0116615 0.988339
-1 0.0116811 0.988319
-1 0.0116589 0.988341
-1 0.0118684 0.988132
-1 0.0116589 0.988341
-1 0.0116601 0.98834
-1 0.0116591 0.988341
-1 0.0116657 0.988334
-1 0.0116589 0.988341
-1 0.0116589 0.988341
-1 0.0116648 0.988335
-1 0.0116802 0.98832
-1 0.0116589 0.988341
-1 0.011659 0.988341
-1 0.0118379 0.988162
-1 0.0116589 0.988341
-1 0.0116611 0.988339
-1 0.0116589 0.988341
-1 0.0116589 0.988341
-1 0.0118678 0.988132
-1 0.0116589 0.988341
-1 0.0116596 0.98834
-1 0.0116589 0.988341
-1 0.0116663 0.988334
-1 0.0116933 0.988307
-1 0.0116589 0.988341
-1 0.0116806 0.988319
-1 0.0116589 0.988341
-1 0.0116599 0.98834
-1 0.0118394 0.988161
-1 0.0116604 0.98834
-1 0.0118398 0.98816
-1 0.0116722 0.988328
-1 0.0116589 0.988341
-1 0.0116803 0.98832
-1 0.0116591 0.988341
-1 0.0116608 0.988339
-1 0.0116778 0.988322
-1 0.0116602 0.98834
-1 0.0116589 0.988341
-1 0.0116589 0.988341
-1 0.0116592 0.988341
-1 0.0116671 0.988333
-1 0.0116617 0.988338
-1 0.0116589 0.988341
-1 0.0116577 0.988342
-1 0.0116589 0.988341
-1 0.0116589 0.988341
-1 0.0116589 0.988341
-1 0.0116589 0.988341
-1 0.0116708 0.988329
-1 0.0116589 0.988341
-1 0.011662 0.988338
-1 0.0116788 0.988321
-1 0.0116972 0.988303
-1 0.0116618 0.988338
-1 0.0116589 0.988341
-1 0.0116589 0.988341
-1 0.0116614 0.988339
-1 0.0116618 0.988338
-1 0.0116709 0.988329
-1 0.0116807 0.988319
-1 0.0116589 0.988341
-1 0.0116591 0.988341
-1 0.0116589 0.988341
-1 0.0116589 0.988341
-1 0.0116589 0.988341
-1 0.0116682 0.988332
-1 0.0116614 0.988339
-1 0.0116616 0.988338
-1 0.0116589 0.988341
-1 0.0116589 0.988341
-1 0.0116591 0.988341
-1 0.0116597 0.98834
-1 0.0116589 0.988341
-1 0.0116589 0.988341
-1 0.011662 0.988338
-1 0.0116623 0.988338
-1 0.0116589 0.988341
-1 0.0116591 0.988341
-1 0.011723 0.988277
-1 0.0116591 0.988341
-1 0.0116591 0.988341
-1 0.0116621 0.988338
-1 0.0116589 0.988341
-1 0.0116604 0.98834
-1 0.0116611 0.988339
-1 0.0116589 0.988341
-1 0.0116606 0.988339
-1 0.0116619 0.988338
-1 0.0116591 0.988341
-1 0.0116591 0.988341
-1 0.0118677 0.988132
-1 0.0116589 0.988341
-1 0.0116824 0.988318
-1 0.0116589 0.988341
-1 0.0116948 0.988305
-1 0.0116589 0.988341
-1 0.0116589 0.988341
-1 0.0116589 0.988341
-1 0.0116618 0.988338
-1 0.0116599 0.98834
-1 0.0116591 0.988341
-1 0.0116605 0.988339
-1 0.0116932 0.988307
-1 0.0118387 0.988161
-1 0.0117525 0.988248
-1 0.011659 0.988341
-1 0.0116589 0.988341
-1 0.0116589 0.988341
-1 0.0116589 0.988341
-1 0.0116589 0.988341
-1 0.0116596 0.98834
-1 0.0116589 0.988341
-1 0.0116589 0.988341
-1 0.0116616 0.988338
-1 0.0116605 0.988339
-1 0.0118679 0.988132
-1 0.0116589 0.988341
-1 0.0116611 0.988339
-1 0.0116591 0.988341
-1 0.0118451 0.988155
-1 0.0118451 0.988155
-1 0.0116611 0.988339
-1 0.0116623 0.988338
-1 0.0116589 0.988341
-1 0.0116619 0.988338
-1 0.0116589 0.988341
-1 0.0116619 0.988338
-1 0.0116612 0.988339
-1 0.0116589 0.988341
-1 0.0116589 0.988341
-1 0.0117931 0.988207
-1 0.0116589 0.988341
-1 0.0116589 0.988341
-1 0.0118434 0.988157
-1 0.0116623 0.988338
-1 0.0116618 0.988338
-1 0.0116592 0.988341
-1 0.0116648 0.988335
-1 0.0116589 0.988341
-1 0.0116615 0.988339
-1 0.0116589 0.988341
-1 0.0116593 0.988341
-1 0.0118166 0.988183
-1 0.0116617 0.988338
-1 0.0116589 0.988341
-1 0.0116609 0.988339
-1 0.0117586 0.988241
-1 0.0116825 0.988318
-1 0.0116597 0.98834
-1 0.0116589 0.988341
-1 0.0116784 0.988322
-1 0.0116591 0.988341
-1 0.0116606 0.988339
-1 0.0117142 0.988286
-1 0.0116589 0.988341
-1 0.0116648 0.988335
-1 0.0116582 0.988342
-1 0.0116618 0.988338
-1 0.0116589 0.988341
-1 0.0116589 0.988341
-1 0.0116615 0.988339
-1 0.0116902 0.98831
-1 0.0116589 0.988341
-1 0.0116593 0.988341
-1 0.0116589 0.988341
-1 0.0116625 0.988337
-1 0.0116637 0.988336
-1 0.0116589 0.988341
-1 0.0116599 0.98834
-1 0.0116596 0.98834
-1 0.011658 0.988342
-1 0.011661 0.988339
-1 0.01167 0.98833
-1 0.0116589 0.988341
-1 0.0116616 0.988338
-1 0.0116782 0.988322
-1 0.0116589 0.988341
-1 0.0116602 0.98834
-1 0.0116591 0.988341
-1 0.0117916 0.988208
-1 0.0116589 0.988341
-1 0.0116697 0.98833
-1 0.0116589 0.988341
-1 0.0117916 0.988208
-1 0.0116589 0.988341
-1 0.0116829 0.988317
-1 0.0116623 0.988338
-1 0.011659 0.988341
-1 0.0116591 0.988341
-1 0.0116589 0.988341
-1 0.0116778 0.988322
-1 0.0116589 0.988341
-1 0.011423 0.988577
-1 0.0116589 0.988341
-1 0.0116619 0.988338
-1 0.0119617 0.988038
-1 0.0116749 0.988325
-1 0.0116589 0.988341
-1 0.0117832 0.988217
-1 0.0116847 0.988315
-1 0.0116589 0.988341
-1 0.0116591 0.988341
-1 0.0116589 0.988341
-1 0.0116591 0.988341
-1 0.0116619 0.988338
-1 0.0116589 0.988341
-1 0.0116589 0.988341
-1 0.0116604 0.98834
-1 0.0116799 0.98832
-1 0.011669 0.988331
-1 0.0116591 0.988341
-1 0.0116597 0.98834
-1 0.0116985 0.988301
-1 0.011658 0.988342
-1 0.0116612 0.988339
-1 0.0116597 0.98834
-1 0.0116589 0.988341
-1 0.0116589 0.988341
-1 0.0116589 0.988341
-1 0.0117494 0.988251
-1 0.0116972 0.988303
-1 0.0116602 0.98834
-1 0.0116591 0.988341
-1 0.0116589 0.988341
-1 0.011423 0.988577
-1 0.0116597 0.98834
-1 0.0116589 0.988341
-1 0.0116589 0.988341
-1 0.0116721 0.988328
-1 0.0116595 0.988341
-1 0.0116589 0.988341
-1 0.0116591 0.988341
-1 0.0116619 0.988338
-1 0.0116621 0.988338
-1 0.0116627 0.988337
-1 0.0116708 0.988329
-1 0.0116615 0.988339
-1 0.0116731 0.988327
-1 0.0116683 0.988332
-1 0.0116589 0.988341
-1 0.0116591 0.988341
-1 0.0116591 0.988341
-1 0.0116619 0.988338
-1 0.011661 0.988339
-1 0.0120794 0.987921
-1 0.011667 0.988333
-1 0.0116589 0.988341
-1 0.0116618 0.988338
-1 0.0117872 0.988213
-1 0.0116589 0.988341
-1 0.0117265 0.988274
-1 0.0116597 0.98834
-1 0.0118379 0.988162
-1 0.0116608 0.988339
-1 0.01167 0.98833
-1 0.0116619 0.988338
-1 0.0117007 0.988299
-1 0.0116622 0.988338
-1 0.0116706 0.988329
-1 0.0116618 0.988338
-1 0.0116589 0.988341
-1 0.0116613 0.988339
-1 0.0116646 0.988335
-1 0.011667 0.988333
-1 0.0116623 0.988338
-1 0.0116626 0.988337
-1 0.0117936 0.988206
-1 0.0116619 0.988338
-1 0.0116589 0.988341
-1 0.0116622 0.988338
-1 0.0116599 0.98834
-1 0.011661 0.988339
-1 0.0116589 0.988341
-1 0.011662 0.988338
-1 0.0116625 0.988338
-1 0.0116589 0.988341
-1 0.011659 0.988341
-1 0.0116615 0.988339
-1 0.0116589 0.988341
-1 0.0116619 0.988338
-1 0.0116589 0.988341
-1 0.0116773 0.988323
-1 0.011659 0.988341
-1 0.0116623 0.988338
-1 0.0116607 0.988339
-1 0.0116619 0.988338
-1 0.0116589 0.988341
-1 0.0116589 0.988341
-1 0.0116605 0.988339
-1 0.0116618 0.988338
-1 0.0116593 0.988341
-1 0.0116767 0.988323
-1 0.0116618 0.988338
-1 0.0116589 0.988341
-1 0.0116619 0.988338
-1 0.0116731 0.988327
-1 0.0116623 0.988338
-1 0.011673 0.988327
-1 0.011661 0.988339
-1 0.011662 0.988338
-1 0.0116618 0.988338
-1 0.0116598 0.98834
-1 0.0116562 0.988344
-1 0.0116623 0.988338
-1 0.0116603 0.98834
-1 0.0116589 0.988341
-1 0.0116599 0.98834
-1 0.0116576 0.988342
-1 0.0116592 0.988341
-1 0.0116591 0.988341
-1 0.0116613 0.988339
-1 0.0116623 0.988338
-1 0.0116618 0.988338
-1 0.0116589 0.988341
-1 0.0116589 0.988341
-1 0.0116589 0.988341
-1 0.011661 0.988339
-1 0.0116606 0.988339
-1 0.0116723 0.988328
-1 0.0116602 0.98834
-1 0.0116754 0.988325
-1 0.0116591 0.988341
-1 0.0116588 0.988341
-1 0.0116592 0.988341
-1 0.0116797 0.98832
-1 0.0116623 0.988338
-1 0.0116597 0.98834
-1 0.0117685 0.988231
-1 0.0118677 0.988132
-1 0.0116589 0.988341
-1 0.0116647 0.988335
-1 0.0116589 0.988341
-1 0.0116589 0.988341
-1 0.011423 0.988577
-1 0.0116613 0.988339
-1 0.0116616 0.988338
-1 0.0116589 0.988341
-1 0.0116591 0.988341
-1 0.0116589 0.988341
-1 0.0116619 0.988338
-1 0.0118394 0.988161
-1 0.0116611 0.988339
-1 0.0116589 0.988341
-1 0.0117872 0.988213
-1 0.0116619 0.988338
-1 0.0116589 0.988341
-1 0.0117878 0.988212
-1 0.0116611 0.988339
-1 0.0116634 0.988337
-1 0.0116589 0.988341
-1 0.011825 0.988175
-1 0.0116621 0.988338
-1 0.0116589 0.988341
-1 0.011661 0.988339
-1 0.0116589 0.988341
-1 0.0116589 0.988341
-1 0.0116601 0.98834
-1 0.0116593 0.988341
-1 0.0116649 0.988335
-1 0.0116595 0.98834
-1 0.0116614 0.988339
-1 0.0116591 0.988341
-1 0.0116626 0.988337
-1 0.0116617 0.988338
-1 0.0117493 0.988251
-1 0.0116848 0.988315
-1 0.0116701 0.98833
-1 0.0116593 0.988341
-1 0.0116589 0.988341
-1 0.0116735 0.988326
-1 0.0116606 0.988339
-1 0.0116589 0.988341
-1 0.0116778 0.988322
-1 0.0116626 0.988337
-1 0.0116619 0.988338
-1 0.0116659 0.988334
-1 0.0116623 0.988338
-1 0.0116604 0.98834
-1 0.011684 0.988316
-1 0.0116589 0.988341
-1 0.0116589 0.988341
-1 0.0117872 0.988213
-1 0.0117757 0.988224
-1 0.0116589 0.988341
-1 0.0116605 0.988339
-1 0.0116761 0.988324
-1 0.0116589 0.988341
-1 0.011661 0.988339
-1 0.0116629 0.988337
-1 0.0118456 0.988154
-1 0.011666 0.988334
-1 0.0116589 0.988341
-1 0.0116589 0.988341
-1 0.0116595 0.988341
-1 0.0116795 0.98832
-1 0.0116614 0.988339
-1 0.011659 0.988341
-1 0.0116687 0.988331
-1 0.0116783 0.988322
-1 0.0116576 0.988342
-1 0.0116589 0.988341
-1 0.0116589 0.988341
-1 0.0116615 0.988338
-1 0.0116589 0.988341
-1 0.0116589 0.988341
-1 0.0116614 0.988339
-1 0.0115974 0.988403
-1 0.0116614 0.988339
-1 0.0116589 0.988341
-1 0.0116622 0.988338
-1 0.0116658 0.988334
-1 0.0116651 0.988335
-1 0.0116782 0.988322
-1 0.0116589 0.988341
-1 0.0116618 0.988338
-1 0.0116617 0.988338
-1 0.0116605 0.988339
-1 0.0116659 0.988334
-1 0.0116639 0.988336
-1 0.011423 0.988577
-1 0.0116762 0.988324
-1 0.011661 0.988339
-1 0.0116493 0.988351
-1 0.0116782 0.988322
-1 0.0116597 0.98834
-1 0.0116619 0.988338
-1 0.0116621 0.988338
-1 0.0116589 0.988341
-1 0.0116597 0.98834
-1 0.0116775 0.988322
-1 0.011659 0.988341
-1 0.0116687 0.988331
-1 0.0116755 0.988324
-1 0.0116589 0.988341
-1 0.0116589 0.988341
-1 0.0116589 0.988341
-1 0.0116616 0.988338
-1 0.011793 0.988207
-1 0.011662 0.988338
-1 0.0116731 0.988327
-1 0.0116618 0.988338
-1 0.011661 0.988339
-1 0.0116611 0.988339
-1 0.0116614 0.988339
-1 0.0116612 0.988339
-1 0.0118683 0.988132
-1 0.0116591 0.988341
-1 0.0116589 0.988341
-1 0.0118387 0.988161
-1 0.0116597 0.98834
-1 0.0116589 0.988341
-1 0.0116619 0.988338
-1 0.0116621 0.988338
-1 0.0116589 0.988341
-1 0.0116589 0.988341
-1 0.0116611 0.988339
-1 0.0116589 0.988341
-1 0.0116689 0.988331
-1 0.0116589 0.988341
-1 0.01168 0.98832
-1 0.0116589 0.988341
-1 0.0116595 0.988341
-1 0.0116589 0.988341
-1 0.0116783 0.988322
-1 0.0116589 0.988341
-1 0.0116611 0.988339
-1 0.011675 0.988325
-1 0.0116618 0.988338
-1 0.0116589 0.988341
-1 0.0117744 0.988226
-1 0.0116589 0.988341
-1 0.0116602 0.98834
-1 0.0116591 0.988341
-1 0.0116608 0.988339
-1 0.0116615 0.988338
-1 0.0116711 0.988329
-1 0.0116589 0.988341
-1 0.0116683 0.988332
-1 0.0116589 0.988341
-1 0.0116589 0.988341
-1 0.0116589 0.988341
-1 0.0116589 0.988341
-1 0.0116618 0.988338
-1 0.0116591 0.988341
-1 0.0116589 0.988341
-1 0.0116623 0.988338
-1 0.0116023 0.988398
-1 0.0116623 0.988338
-1 0.0116778 0.988322
-1 0.0116591 0.988341
-1 0.0116589 0.988341
-1 0.0116645 0.988335
-1 0.0116592 0.988341
-1 0.0116591 0.988341
-1 0.0116665 0.988333
-1 0.0116591 0.988341
-1 0.0116618 0.988338
-1 0.0117272 0.988273
-1 0.0116619 0.988338
-1 0.0116901 0.98831
-1 0.0116618 0.988338
-1 0.0116593 0.988341
-1 0.0117007 0.988299
-1 0.0118455 0.988154
-1 0.0116601 0.98834
-1 0.0116691 0.988331
-1 0.0116618 0.988338
-1 0.0116589 0.988341
-1 0.0118044 0.988196
-1 0.0116589 0.988341
-1 0.0117764 0.988224
-1 0.0116619 0.988338
-1 0.0116611 0.988339
-1 0.0116589 0.988341
-1 0.0116589 0.988341
-1 0.0118379 0.988162
-1 0.0116597 0.98834
-1 0.0116611 0.988339
-1 0.0118451 0.988155
-1 0.0116592 0.988341
-1 0.0117164 0.988284
-1 0.0116589 0.988341
-1 0.0116589 0.988341
-1 0.0116613 0.988339
-1 0.0116609 0.988339
-1 0.011673 0.988327
-1 0.0116591 0.988341
-1 0.0116641 0.988336
-1 0.0116636 0.988336
-1 0.0116611 0.988339
-1 0.0116623 0.988338
-1 0.0116589 0.988341
-1 0.0116788 0.988321
-1 0.0116589 0.988341
-1 0.0116611 0.988339
-1 0.0116619 0.988338
-1 0.0116767 0.988323
-1 0.0116591 0.988341
-1 0.0116589 0.988341
-1 0.0116618 0.988338
-1 0.0116618 0.988338
-1 0.0116589 0.988341
-1 0.0116589 0.988341
-1 0.011659 0.988341
-1 0.0116618 0.988338
-1 0.0116589 0.988341
-1 0.0116616 0.988338
-1 0.0116589 0.988341
-1 0.0116616 0.988338
-1 0.011673 0.988327
-1 0.0116611 0.988339
-1 0.0116778 0.988322
-1 0.0116824 0.988318
-1 0.0116606 0.988339
-1 0.0116608 0.988339
-1 0.0116589 0.988341
-1 0.0116589 0.988341
-1 0.0116611 0.988339
-1 0.011662 0.988338
-1 0.0116767 0.988323
-1 0.011667 0.988333
-1 0.0116615 0.988338
-1 0.011659 0.988341
-1 0.0116618 0.988338
-1 0.0116589 0.988341
-1 0.0114229 0.988577
-1 0.0116618 0.988338
-1 0.0116589 0.988341
-1 0.0116603 0.98834
-1 0.0116625 0.988338
-1 0.0116593 0.988341
-1 0.0116719 0.988328
-1 0.011793 0.988207
-1 0.0116618 0.988338
-1 0.0116616 0.988338
-1 0.0116589 0.988341
-1 0.011659 0.988341
-1 0.0116605 0.988339
-1 0.0116598 0.98834
-1 0.0117872 0.988213
-1 0.0116589 0.988341
-1 0.0116589 0.988341
-1 0.0116589 0.988341
-1 0.0116589 0.988341
-1 0.0116589 0.988341
-1 0.0116589 0.988341
-1 0.01167 0.98833
-1 0.0116701 0.98833
-1 0.0116773 0.988323
-1 0.0116589 0.988341
-1 0.0116589 0.988341
-1 0.0116597 0.98834
-1 0.0116611 0.988339
-1 0.0116589 0.988341
-1 0.0116592 0.988341
-1 0.011659 0.988341
-1 0.0116599 0.98834
-1 0.0116854 0.988315
-1 0.0116589 0.988341
-1 0.0116597 0.98834
-1 0.0116616 0.988338
-1 0.011662 0.988338
-1 0.0116618 0.988338
-1 0.0116589 0.988341
-1 0.0116589 0.988341
-1 0.0116589 0.988341
-1 0.0118464 0.988154
-1 0.0116589 0.988341
-1 0.0116589 0.988341
-1 0.011662 0.988338
-1 0.011662 0.988338
-1 0.0116591 0.988341
-1 0.0116623 0.988338
-1 0.0116616 0.988338
-1 0.0116592 0.988341
-1 0.0117375 0.988262
-1 0.0116589 0.988341
-1 0.0116618 0.988338
-1 0.0116602 0.98834
-1 0.0116619 0.988338
-1 0.0118379 0.988162
-1 0.0116589 0.988341
-1 0.0116894 0.988311
-1 0.0116597 0.98834
-1 0.0122984 0.987702
-1 0.011825 0.988175
-1 0.0116791 0.988321
-1 0.0116608 0.988339
-1 0.0116589 0.988341
-1 0.0116599 0.98834
-1 0.0116618 0.988338
-1 0.0116589 0.988341
-1 0.0116783 0.988322
-1 0.0116611 0.988339
-1 0.0116619 0.988338
-1 0.0118672 0.988133
-1 0.011659 0.988341
-1 0.0116589 0.988341
-1 0.011659 0.988341
-1 0.0116803 0.98832
-1 0.0116621 0.988338
-1 0.011659 0.988341
-1 0.0118678 0.988132
-1 0.0116591 0.988341
-1 0.0117108 0.988289
-1 0.0116589 0.988341
-1 0.011659 0.988341
-1 0.0116589 0.988341
-1 0.0116607 0.988339
-1 0.0116597 0.98834
-1 0.0116613 0.988339
-1 0.0118398 0.98816
-1 0.0116629 0.988337
-1 0.0116606 0.988339
-1 0.0116602 0.98834
-1 0.0116617 0.988338
-1 0.0116611 0.988339
-1 0.0116773 0.988323
-1 0.0116589 0.988341
-1 0.011659 0.988341
-1 0.0116609 0.988339
-1 0.0116614 0.988339
-1 0.0116589 0.988341
-1 0.0116592 0.988341
-1 0.0116589 0.988341
-1 0.0116605 0.988339
-1 0.0116778 0.988322
-1 0.0116589 0.988341
-1 0.0116589 0.988341
-1 0.0116623 0.988338
-1 0.0116798 0.98832
-1 0.0116592 0.988341
-1 0.0116608 0.988339
-1 0.0116595 0.988341
-1 0.0116589 0.988341
-1 0.0116589 0.988341
-1 0.011662 0.988338
-1 0.0116589 0.988341
-1 0.0116589 0.988341
-1 0.0116611 0.988339
-1 0.0116615 0.988339
-1 0.0116597 0.98834
-1 0.0116618 0.988338
-1 0.0116603 0.98834
-1 0.0116589 0.988341
-1 0.0116605 0.988339
-1 0.0116741 0.988326
-1 0.011673 0.988327
-1 0.0116619 0.988338
-1 0.0116589 0.988341
-1 0.0116589 0.988341
-1 0.0116591 0.988341
-1 0.0116589 0.988341
-1 0.0118679 0.988132
-1 0.011661 0.988339
-1 0.0116589 0.988341
-1 0.0117086 0.988291
-1 0.0116589 0.988341
-1 0.011659 0.988341
-1 0.0116589 0.988341
-1 0.01166 0.98834
-1 0.0116783 0.988322
-1 0.011666 0.988334
-1 0.0116619 0.988338
-1 0.0118679 0.988132
-1 0.0116619 0.988338
-1 0.0116767 0.988323
-1 0.0116589 0.988341
-1 0.0116749 0.988325
-1 0.0116612 0.988339
-1 0.0116825 0.988318
-1 0.0116618 0.988338
-1 0.0116589 0.988341
-1 0.0116591 0.988341
-1 0.0116778 0.988322
-1 0.0116595 0.988341
-1 0.0116607 0.988339
-1 0.0116799 0.98832
-1 0.0116614 0.988339
-1 0.0116611 0.988339
-1 0.0116589 0.988341
-1 0.011686 0.988314
-1 0.0117883 0.988212
-1 0.0116615 0.988338
-1 0.0116589 0.988341
-1 0.0116592 0.988341
-1 0.0116778 0.988322
-1 0.0116944 0.988306
-1 0.0116593 0.988341
-1 0.0116708 0.988329
-1 0.0116589 0.988341
-1 0.0116605 0.988339
-1 0.0116618 0.988338
-1 0.011662 0.988338
-1 0.0120188 0.987981
-1 0.0116782 0.988322
-1 0.0116591 0.988341
-1 0.0116621 0.988338
-1 0.0116611 0.988339
-1 0.0118677 0.988132
-1 0.0115541 0.988446
-1 0.0116589 0.988341
-1 0.0116589 0.988341
-1 0.0116589 0.988341
-1 0.0116589 0.988341
-1 0.0116591 0.988341
-1 0.0116591 0.988341
-1 0.0117765 0.988223
-1 0.0116589 0.988341
-1 0.0116938 0.988306
-1 0.0116596 0.98834
-1 0.0116589 0.988341
-1 0.0116589 0.988341
-1 0.0116625 0.988338
-1 0.0116817 0.988318
-1 0.0116589 0.988341
-1 0.0116589 0.988341
-1 0.0116589 0.988341
-1 0.0116589 0.988341
-1 0.0116643 0.988336
-1 0.0116748 0.988325
-1 0.0116589 0.988341
-1 0.0116616 0.988338
-1 0.0116618 0.988338
-1 0.0116589 0.988341
-1 0.0116601 0.98834
-1 0.0116595 0.988341
-1 0.0116591 0.988341
-1 0.0116589 0.988341
-1 0.0118076 0.988192
-1 0.0116589 0.988341
-1 0.0116589 0.988341
-1 0.0116589 0.988341
-1 0.0116676 0.988332
-1 0.0116597 0.98834
-1 0.0116778 0.988322
-1 0.0116635 0.988337
-1 0.0116589 0.988341
-1 0.0116618 0.988338
-1 0.0116731 0.988327
-1 0.0116616 0.988338
-1 0.0116754 0.988325
-1 0.0117896 0.98821
-1 0.0116603 0.98834
-1 0.0116619 0.988338
-1 0.0116589 0.988341
-1 0.0116591 0.988341
-1 0.0116623 0.988338
-1 0.0116641 0.988336
-1 0.0116605 0.988339
-1 0.0116611 0.988339
-1 0.011659 0.988341
-1 0.0116615 0.988339
-1 0.0116761 0.988324
-1 0.0116591 0.988341
-1 0.0116599 0.98834
-1 0.0117872 0.988213
-1 0.0116655 0.988335
-1 0.0116603 0.98834
-1 0.0116814 0.988319
-1 0.0116617 0.988338
-1 0.0116641 0.988336
-1 0.0116589 0.988341
-1 0.0118677 0.988132
-1 0.0116589 0.988341
-1 0.0116592 0.988341
-1 0.0116768 0.988323
-1 0.0116593 0.988341
-1 0.0116618 0.988338
-1 0.011661 0.988339
-1 0.0116611 0.988339
-1 0.0116589 0.988341
-1 0.0116613 0.988339
-1 0.0116599 0.98834
-1 0.0116608 0.988339
-1 0.0116598 0.98834
-1 0.0117872 0.988213
-1 0.011675 0.988325
-1 0.011662 0.988338
-1 0.0116589 0.988341
-1 0.0116589 0.988341
-1 0.0116589 0.988341
-1 0.0116589 0.988341
-1 0.0116619 0.988338
-1 0.0116606 0.988339
-1 0.0116797 0.98832
-1 0.0116535 0.988347
-1 0.0116619 0.988338
-1 0.0116593 0.988341
-1 0.0116589 0.988341
-1 0.0116625 0.988337
-1 0.0116729 0.988327
-1 0.0116589 0.988341
-1 0.011662 0.988338
-1 0.0116621 0.988338
-1 0.0116602 0.98834
-1 0.0116589 0.988341
-1 0.011659 0.988341
-1 0.0116608 0.988339
-1 0.0116776 0.988322
-1 0.0116593 0.988341
-1 0.0116589 0.988341
-1 0.011659 0.988341
-1 0.0116589 0.988341
-1 0.0116591 0.988341
-1 0.0116778 0.988322
-1 0.0116611 0.988339
-1 0.0116591 0.988341
-1 0.0116773 0.988323
-1 0.0116591 0.988341
-1 0.0116589 0.988341
-1 0.0116591 0.988341
-1 0.0116668 0.988333
-1 0.0116599 0.98834
-1 0.0116623 0.988338
-1 0.011659 0.988341
-1 0.0116741 0.988326
-1 0.0118677 0.988132
-1 0.0116589 0.988341
-1 0.0117872 0.988213
-1 0.0116619 0.988338
-1 0.0116626 0.988337
-1 0.0116591 0.988341
-1 0.0116786 0.988321
-1 0.0116589 0.988341
-1 0.0116633 0.988337
-1 0.0116618 0.988338
-1 0.0116589 0.988341
-1 0.0116589 0.988341
-1 0.0116589 0.988341
-1 0.0116738 0.988326
-1 0.0116589 0.988341
-1 0.011659 0.988341
-1 0.0116589 0.988341
-1 0.0116611 0.988339
-1 0.0116782 0.988322
-1 0.011659 0.988341
-1 0.0116605 0.988339
-1 0.0116619 0.988338
-1 0.0116589 0.988341
-1 0.0116615 0.988339
-1 0.0116589 0.988341
-1 0.0116592 0.988341
-1 0.0116591 0.988341
-1 0.0116778 0.988322
-1 0.0116589 0.988341
-1 0.0116611 0.988339
-1 0.0116618 0.988338
-1 0.0116827 0.988317
-1 0.0116623 0.988338
-1 0.0117872 0.988213
-1 0.0116623 0.988338
-1 0.0116589 0.988341
-1 0.0116617 0.988338
-1 0.0116589 0.988341
-1 0.0116589 0.988341
-1 0.011659 0.988341
-1 0.0116618 0.988338
-1 0.0116619 0.988338
-1 0.0116618 0.988338
-1 0.0116589 0.988341
-1 0.0116716 0.988328
-1 0.0116589 0.988341
-1 0.0116615 0.988338
-1 0.0116668 0.988333
-1 0.0116589 0.988341
-1 0.0116621 0.988338
-1 0.0116589 0.988341
-1 0.0116783 0.988322
-1 0.0116635 0.988337
-1 0.0116619 0.988338
-1 0.0116589 0.988341
-1 0.0116589 0.988341
-1 0.0116589 0.988341
-1 0.0116608 0.988339
-1 0.0116592 0.988341
-1 0.0116589 0.988341
-1 0.0116589 0.988341
-1 0.0116589 0.988341
-1 0.0116597 0.98834
-1 0.0116619 0.988338
-1 0.0116601 0.98834
-1 0.0116585 0.988342
-1 0.0116708 0.988329
-1 0.0116621 0.988338
-1 0.0116602 0.98834
-1 0.0116589 0.988341
-1 0.0116597 0.98834
-1 0.011793 0.988207
-1 0.0116592 0.988341
-1 0.0116589 0.988341
-1 0.0117872 0.988213
-1 0.0116761 0.988324
-1 0.0116591 0.988341
-1 0.011662 0.988338
-1 0.0116604 0.98834
-1 0.0116761 0.988324
-1 0.0116691 0.988331
-1 0.0116767 0.988323
-1 0.0116595 0.988341
-1 0.0116591 0.988341
-1 0.0116716 0.988328
-1 0.0116591 0.988341
-1 0.0116003 0.9884
-1 0.0116591 0.988341
-1 0.0116768 0.988323
-1 0.0116589 0.988341
-1 0.0116683 0.988332
-1 0.011661 0.988339
-1 0.0116607 0.988339
-1 0.0116589 0.988341
-1 0.0121882 0.987812
-1 0.0116589 0.988341
-1 0.0116701 0.98833
-1 0.0116589 0.988341
-1 0.0116591 0.988341
-1 0.0116591 0.988341
-1 0.0116605 0.988339
-1 0.0116619 0.988338
-1 0.0117007 0.988299
-1 0.0116756 0.988324
-1 0.0116589 0.988341
-1 0.0116589 0.988341
-1 0.011661 0.988339
-1 0.0116589 0.988341
-1 0.0116785 0.988322
-1 0.011661 0.988339
-1 0.0116623 0.988338
-1 0.0116616 0.988338
-1 0.0116589 0.988341
-1 0.0116609 0.988339
-1 0.011659 0.988341
-1 0.0116592 0.988341
-1 0.0116589 0.988341
-1 0.0116841 0.988316
-1 0.0116789 0.988321
-1 0.0116528 0.988347
-1 0.0116605 0.988339
-1 0.0116773 0.988323
-1 0.0116619 0.988338
-1 0.0116618 0.988338
-1 0.0116591 0.988341
-1 0.011839 0.988161
-1 0.01166 0.98834
-1 0.0116663 0.988334
-1 0.0123482 0.987652
-1 0.0116768 0.988323
-1 0.0116589 0.988341
-1 0.0116605 0.988339
-1 0.0116625 0.988338
-1 0.0116597 0.98834
-1 0.0116619 0.988338
-1 0.0116722 0.988328
-1 0.0116546 0.988345
-1 0.0116589 0.988341
-1 0.0116623 0.988338
-1 0.0118679 0.988132
-1 0.0116617 0.988338
-1 0.0116589 0.988341
-1 0.0116619 0.988338
-1 0.0116589 0.988341
-1 0.0116589 0.988341
-1 0.0116617 0.988338
-1 0.0118678 0.988132
-1 0.0116828 0.988317
-1 0.0116589 0.988341
-1 0.0116608 0.988339
-1 0.0116589 0.988341
-1 0.0116611 0.988339
-1 0.0116618 0.988338
-1 0.0116601 0.98834
-1 0.0116589 0.988341
-1 0.0116617 0.988338
-1 0.0116604 0.98834
-1 0.0116683 0.988332
-1 0.0117373 0.988263
-1 0.0116591 0.988341
-1 0.0116603 0.98834
-1 0.0118379 0.988162
-1 0.011661 0.988339
-1 0.0116808 0.988319
-1 0.0116589 0.988341
-1 0.0116322 0.988368
-1 0.0116618 0.988338
-1 0.0116609 0.988339
-1 0.0116605 0.98834
-1 0.0116589 0.988341
-1 0.01168 0.98832
-1 0.011793 0.988207
-1 0.0116597 0.98834
-1 0.0116589 0.988341
-1 0.0116747 0.988325
-1 0.0116589 0.988341
-1 0.0116738 0.988326
-1 0.0116589 0.988341
-1 0.0116605 0.988339
-1 0.0116603 0.98834
-1 0.0116623 0.988338
-1 0.0116761 0.988324
-1 0.0116602 0.98834
-1 0.0120418 0.987958
-1 0.0116631 0.988337
-1 0.0116591 0.988341
-1 0.0116607 0.988339
-1 0.011661 0.988339
-1 0.0116921 0.988308
-1 0.0116589 0.988341
-1 0.0116619 0.988338
-1 0.0116592 0.988341
-1 0.0121665 0.987834
-1 0.0116617 0.988338
-1 0.0116589 0.988341
-1 0.0116655 0.988334
-1 0.0116782 0.988322
-1 0.0116646 0.988335
-1 0.0116589 0.988341
-1 0.0116636 0.988336
-1 0.0116589 0.988341
-1 0.0116589 0.988341
-1 0.0116753 0.988325
-1 0.0116589 0.988341
-1 0.0116619 0.988338
-1 0.0116727 0.988327
-1 0.0116618 0.988338
-1 0.0116589 0.988341
-1 0.0116589 0.988341
-1 0.0117872 0.988213
-1 0.0116589 0.988341
-1 0.0116687 0.988331
-1 0.0116774 0.988323
-1 0.0124425 0.987557
-1 0.0116605 0.988339
-1 0.0118379 0.988162
-1 0.0116589 0.988341
-1 0.0116622 0.988338
-1 0.0116592 0.988341
-1 0.0118386 0.988161
-1 0.0116597 0.98834
-1 0.0116726 0.988327
-1 0.0116754 0.988325
-1 0.0116589 0.988341
-1 0.0117872 0.988213
-1 0.0116837 0.988316
-1 0.0116621 0.988338
-1 0.011682 0.988318
-1 0.0116597 0.98834
-1 0.0116611 0.988339
-1 0.0116847 0.988315
-1 0.0116621 0.988338
-1 0.0116619 0.988338
-1 0.0116864 0.988314
-1 0.0116589 0.988341
-1 0.0116589 0.988341
-1 0.0116589 0.988341
-1 0.011659 0.988341
-1 0.0116615 0.988339
-1 0.0116589 0.988341
-1 0.0116615 0.988338
-1 0.0116714 0.988329
-1 0.0116591 0.988341
-1 0.0116778 0.988322
-1 0.0116619 0.988338
-1 0.0116682 0.988332
-1 0.0116599 0.98834
-1 0.0117887 0.988211
-1 0.0116677 0.988332
-1 0.0116599 0.98834
-1 0.0116589 0.988341
-1 0.0116589 0.988341
-1 0.0116597 0.98834
-1 0.0116589 0.988341
-1 0.0116616 0.988338
-1 0.0116618 0.988338
-1 0.0116605 0.988339
-1 0.0116589 0.988341
-1 0.0116731 0.988327
-1 0.0121649 0.987835
-1 0.0116616 0.988338
-1 0.0116613 0.988339
-1 0.0116589 0.988341
-1 0.0116614 0.988339
-1 0.0116589 0.988341
-1 0.0116591 0.988341
-1 0.0116591 0.988341
-1 0.0116605 0.988339
-1 0.0116619 0.988338
-1 0.0117973 0.988203
-1 0.0116682 0.988332
-1 0.0116605 0.98834
-1 0.0116601 0.98834
-1 0.0116618 0.988338
-1 0.0116623 0.988338
-1 0.0118451 0.988155
-1 0.011659 0.988341
-1 0.0116592 0.988341
-1 0.0116773 0.988323
-1 0.0116591 0.988341
-1 0.0116592 0.988341
-1 0.0116671 0.988333
-1 0.0116698 0.98833
-1 0.0118409 0.988159
-1 0.0116598 0.98834
-1 0.0116589 0.988341
-1 0.0116619 0.988338
-1 0.01167 0.98833
-1 0.0116615 0.988339
-1 0.0116589 0.988341
-1 0.0116691 0.988331
-1 0.0116618 0.988338
-1 0.0116596 0.98834
-1 0.0116589 0.988341
-1 0.0116597 0.98834
-1 0.0116597 0.98834
-1 0.0116589 0.988341
-1 0.0116623 0.988338
-1 0.0116902 0.98831
-1 0.0116698 0.98833
-1 0.0116596 0.98834
-1 0.0116597 0.98834
-1 0.0116733 0.988327
-1 0.0116731 0.988327
-1 0.0116666 0.988333
-1 0.0116616 0.988338
-1 0.0115674 0.988433
-1 0.0116613 0.988339
-1 0.011661 0.988339
-1 0.0116661 0.988334
-1 0.0116591 0.988341
-1 0.0116609 0.988339
-1 0.0116617 0.988338
-1 0.011661 0.988339
-1 0.0116746 0.988325
-1 0.0117603 0.98824
-1 0.0116608 0.988339
-1 0.0116596 0.98834
-1 0.0116609 0.988339
-1 0.0116591 0.988341
-1 0.011659 0.988341
-1 0.0116754 0.988325
-1 0.0116589 0.988341
-1 0.0116618 0.988338
-1 0.0121089 0.987891
-1 0.0116602 0.98834
-1 0.0116589 0.988341
-1 0.0116589 0.988341
-1 0.011793 0.988207
-1 0.0116589 0.988341
-1 0.0116589 0.988341
-1 0.0116854 0.988315
-1 0.0118766 0.988123
-1 0.0116589 0.988341
-1 0.0116602 0.98834
-1 0.0116614 0.988339
-1 0.0116601 0.98834
-1 0.0116589 0.988341
-1 0.0116589 0.988341
-1 0.0116589 0.988341
-1 0.0116593 0.988341
-1 0.0116589 0.988341
-1 0.0116759 0.988324
-1 0.0116623 0.988338
-1 0.0116589 0.988341
-1 0.0116589 0.988341
-1 0.0116778 0.988322
-1 0.0116592 0.988341
-1 0.0116701 0.98833
-1 0.0116623 0.988338
-1 0.0116767 0.988323
-1 0.0116789 0.988321
-1 0.0116724 0.988328
-1 0.0117872 0.988213
-1 0.0116736 0.988326
-1 0.0116618 0.988338
-1 0.0116589 0.988341
-1 0.0116596 0.98834
-1 0.0116588 0.988341
-1 0.0116592 0.988341
-1 0.0116615 0.988338
-1 0.011659 0.988341
-1 0.0116589 0.988341
-1 0.0116619 0.988338
-1 0.011674 0.988326
-1 0.0116709 0.988329
-1 0.0116778 0.988322
-1 0.0116615 0.988338
-1 0.0116757 0.988324
-1 0.0116614 0.988339
-1 0.0116589 0.988341
-1 0.0116589 0.988341
-1 0.0116589 0.988341
-1 0.0116609 0.988339
-1 0.0116623 0.988338
-1 0.0116597 0.98834
-1 0.0116741 0.988326
-1 0.0116623 0.988338
-1 0.0125741 0.987426
-1 0.0116597 0.98834
-1 0.0116592 0.988341
-1 0.0116608 0.988339
-1 0.0116589 0.988341
-1 0.0116589 0.988341
-1 0.0116589 0.988341
-1 0.0116683 0.988332
-1 0.0122034 0.987797
-1 0.011662 0.988338
-1 0.0116544 0.988346
-1 0.0116782 0.988322
-1 0.0116589 0.988341
-1 0.0116972 0.988303
-1 0.0116599 0.98834
-1 0.0116623 0.988338
-1 0.0116608 0.988339
-1 0.0116615 0.988339
-1 0.0116589 0.988341
-1 0.0116611 0.988339
-1 0.0116618 0.988338
-1 0.011667 0.988333
-1 0.0116986 0.988301
-1 0.0116592 0.988341
-1 0.0116589 0.988341
-1 0.0116589 0.988341
-1 0.0116951 0.988305
-1 0.0116589 0.988341
-1 0.0116589 0.988341
-1 0.0116591 0.988341
-1 0.011839 0.988161
-1 0.0116807 0.988319
-1 0.0116611 0.988339
-1 0.0116825 0.988318
-1 0.0118679 0.988132
-1 0.0116621 0.988338
-1 0.0116589 0.988341
-1 0.011661 0.988339
-1 0.0116596 0.98834
-1 0.0116589 0.988341
-1 0.0116589 0.988341
-1 0.0116591 0.988341
-1 0.0116775 0.988322
-1 0.0116686 0.988331
-1 0.0116589 0.988341
-1 0.0116599 0.98834
-1 0.0116589 0.988341
-1 0.0116683 0.988332
-1 0.0116589 0.988341
-1 0.0116615 0.988339
-1 0.0116592 0.988341
-1 0.0117138 0.988286
-1 0.0116712 0.988329
-1 0.0116618 0.988338
-1 0.0116576 0.988342
-1 0.0120003 0.988
-1 0.0116616 0.988338
-1 0.0116613 0.988339
-1 0.0116589 0.988341
-1 0.0116589 0.988341
-1 0.0118379 0.988162
-1 0.0116623 0.988338
-1 0.0116589 0.988341
-1 0.0116605 0.98834
-1 0.0116609 0.988339
-1 0.0116589 0.988341
-1 0.0116589 0.988341
-1 0.011665 0.988335
-1 0.0116589 0.988341
-1 0.0116589 0.988341
-1 0.0116618 0.988338
-1 0.0116597 0.98834
-1 0.011661 0.988339
-1 0.0116589 0.988341
-1 0.0116589 0.988341
-1 0.0122482 0.987752
-1 0.0116625 0.988338
-1 0.0116801 0.98832
-1 0.0116589 0.988341
-1 0.0116623 0.988338
-1 0.0116589 0.988341
-1 0.0116834 0.988317
-1 0.0116589 0.988341
-1 0.0116589 0.988341
-1 0.011788 0.988212
-1 0.0116603 0.98834
-1 0.0116589 0.988341
-1 0.0116589 0.988341
-1 0.0116623 0.988338
-1 0.0116924 0.988308
-1 0.0116764 0.988324
-1 0.0116773 0.988323
-1 0.0116618 0.988338
-1 0.0116782 0.988322
-1 0.0116589 0.988341
-1 0.0116589 0.988341
-1 0.0116589 0.988341
-1 0.0116611 0.988339
-1 0.0116589 0.988341
-1 0.0116589 0.988341
-1 0.0116589 0.988341
-1 0.0116778 0.988322
-1 0.0116589 0.988341
-1 0.0116591 0.988341
-1 0.0116919 0.988308
-1 0.0116623 0.988338
-1 0.0116589 0.988341
-1 0.011673 0.988327
-1 0.0116589 0.988341
-1 0.0116589 0.988341
-1 0.0116783 0.988322
-1 0.0116618 0.988338
-1 0.0116614 0.988339
-1 0.011673 0.988327
-1 0.0116754 0.988325
-1 0.0116615 0.988338
-1 0.0116623 0.988338
-1 0.0116611 0.988339
-1 0.0116589 0.988341
-1 0.0116592 0.988341
-1 0.0116591 0.988341
-1 0.0116658 0.988334
-1 0.0116601 0.98834
-1 0.0116608 0.988339
-1 0.0116595 0.988341
-1 0.0116667 0.988333
-1 0.0116593 0.988341
-1 0.0116589 0.988341
-1 0.0116597 0.98834
-1 0.0116589 0.988341
-1 0.011661 0.988339
-1 0.0116599 0.98834
-1 0.0118781 0.988122
-1 0.0116605 0.988339
-1 0.011673 0.988327
-1 0.0116619 0.988338
-1 0.0116608 0.988339
-1 0.0116595 0.988341
-1 0.0116597 0.98834
-1 0.0116591 0.988341
-1 0.0116618 0.988338
-1 0.0116589 0.988341
-1 0.0116595 0.988341
-1 0.0116591 0.988341
-1 0.0116618 0.988338
-1 0.0116619 0.988338
-1 0.0116818 0.988318
-1 0.0116782 0.988322
-1 0.0116589 0.988341
-1 0.0116787 0.988321
-1 0.0116607 0.988339
-1 0.0116731 0.988327
-1 0.0116589 0.988341
-1 0.0116733 0.988327
-1 0.0116589 0.988341
-1 0.0116609 0.988339
-1 0.0116641 0.988336
-1 0.0116773 0.988323
-1 0.0116803 0.98832
-1 0.0114229 0.988577
-1 0.0116592 0.988341
-1 0.0116589 0.988341
-1 0.0116676 0.988332
-1 0.0116623 0.988338
-1 0.0116823 0.988318
-1 0.0116593 0.988341
-1 0.0116608 0.988339
-1 0.0116643 0.988336
-1 0.0116591 0.988341
-1 0.0116623 0.988338
-1 0.0116589 0.988341
-1 0.0116589 0.988341
-1 0.0116828 0.988317
-1 0.0116589 0.988341
-1 0.0116576 0.988342
-1 0.0118379 0.988162
-1 0.0116589 0.988341
-1 0.0116622 0.988338
-1 0.0116698 0.98833
-1 0.0116589 0.988341
-1 0.0116588 0.988341
-1 0.0116589 0.988341
-1 0.0116589 0.988341
-1 0.0116755 0.988324
-1 0.0116611 0.988339
-1 0.0116618 0.988338
-1 0.011662 0.988338
-1 0.0116623 0.988338
-1 0.0116611 0.988339
-1 0.0116792 0.988321
-1 0.0116589 0.988341
-1 0.011659 0.988341
-1 0.0116702 0.98833
-1 0.0116589 0.988341
-1 0.0116632 0.988337
-1 0.0116784 0.988322
-1 0.0116621 0.988338
-1 0.0116589 0.988341
-1 0.0116591 0.988341
-1 0.0116589 0.988341
-1 0.0116593 0.988341
-1 0.0116804 0.98832
-1 0.0116589 0.988341
-1 0.0116597 0.98834
-1 0.0116573 0.988343
-1 0.0116781 0.988322
-1 0.0116592 0.988341
-1 0.0116614 0.988339
-1 0.011839 0.988161
-1 0.0116595 0.988341
-1 0.0116673 0.988333
-1 0.011839 0.988161
-1 0.0116701 0.98833
-1 0.011659 0.988341
-1 0.0116589 0.988341
-1 0.0116768 0.988323
-1 0.0116597 0.98834
-1 0.0116754 0.988325
-1 0.0116589 0.988341
-1 0.0116589 0.988341
-1 0.0116623 0.988338
-1 0.0117111 0.988289
-1 0.0116597 0.98834
-1 0.0116589 0.988341
-1 0.0116589 0.988341
-1 0.0116615 0.988339
-1 0.0116601 0.98834
-1 0.0116771 0.988323
-1 0.0116611 0.988339
-1 0.0116959 0.988304
-1 0.0116576 0.988342
-1 0.0116685 0.988331
-1 0.0116599 0.98834
-1 0.0116589 0.988341
-1 0.0116972 0.988303
-1 0.0116601 0.98834
-1 0.0116727 0.988327
-1 0.0116615 0.988339
-1 0.0116619 0.988338
-1 0.0116589 0.988341
-1 0.0116589 0.988341
-1 0.0116589 0.988341
-1 0.0116614 0.988339
-1 0.0116589 0.988341
-1 0.0116619 0.988338
-1 0.0116593 0.988341
-1 0.0116591 0.988341
-1 0.0116748 0.988325
-1 0.0116783 0.988322
-1 0.0116615 0.988338
-1 0.0116618 0.988338
-1 0.0116589 0.988341
-1 0.0116592 0.988341
-1 0.0116589 0.988341
-1 0.0116589 0.988341
-1 0.0116794 0.988321
-1 0.0116773 0.988323
-1 0.0116589 0.988341
-1 0.0116599 0.98834
-1 0.0116589 0.988341
-1 0.0116618 0.988338
-1 0.011668 0.988332
-1 0.0118458 0.988154
-1 0.0116589 0.988341
-1 0.0116589 0.988341
-1 0.0116586 0.988341
-1 0.0116591 0.988341
-1 0.0116619 0.988338
-1 0.0116612 0.988339
-1 0.0116889 0.988311
-1 0.01167 0.98833
-1 0.0116592 0.988341
-1 0.0116774 0.988323
-1 0.0116783 0.988322
-1 0.0116756 0.988324
-1 0.0116825 0.988318
-1 0.0116601 0.98834
-1 0.0116589 0.988341
-1 0.0116589 0.988341
-1 0.0118678 0.988132
-1 0.011659 0.988341
-1 0.0116615 0.988339
-1 0.01166 0.98834
-1 0.0116593 0.988341
-1 0.0116591 0.988341
-1 0.0116921 0.988308
-1 0.0116612 0.988339
-1 0.0116589 0.988341
-1 0.0116617 0.988338
-1 0.0116611 0.988339
-1 0.0116589 0.988341
-1 0.0117574 0.988243
-1 0.0116842 0.988316
-1 0.0116591 0.988341
-1 0.0116753 0.988325
-1 0.0116589 0.988341
-1 0.0116686 0.988331
-1 0.0117887 0.988211
-1 0.0116597 0.98834
-1 0.0116841 0.988316
-1 0.0116589 0.988341
-1 0.0116589 0.988341
-1 0.0116589 0.988341
-1 0.0116618 0.988338
-1 0.0116621 0.988338
-1 0.0116591 0.988341
-1 0.0116675 0.988332
-1 0.0116782 0.988322
-1 0.0116589 0.988341
-1 0.0116589 0.988341
-1 0.0116589 0.988341
-1 0.0116615 0.988339
-1 0.0116753 0.988325
-1 0.0116607 0.988339
-1 0.0118451 0.988155
-1 0.011662 0.988338
-1 0.0116856 0.988314
-1 0.0116767 0.988323
-1 0.0116589 0.988341
-1 0.0116591 0.988341
-1 0.0116589 0.988341
-1 0.0116603 0.98834
-1 0.0116601 0.98834
-1 0.0116687 0.988331
-1 0.0116812 0.988319
-1 0.0116589 0.988341
-1 0.0116589 0.988341
-1 0.0116605 0.98834
-1 0.0116589 0.988341
-1 0.011423 0.988577
-1 0.0116592 0.988341
-1 0.0116663 0.988334
-1 0.0116631 0.988337
-1 0.0116938 0.988306
-1 0.0116938 0.988306
-1 0.0117878 0.988212
-1 0.0116655 0.988335
-1 0.0116622 0.988338
-1 0.0116597 0.98834
-1 0.0116589 0.988341
-1 0.0116589 0.988341
-1 0.0116618 0.988338
-1 0.0116618 0.988338
-1 0.0116617 0.988338
-1 0.0116591 0.988341
-1 0.0116679 0.988332
-1 0.0116589 0.988341
-1 0.011659 0.988341
-1 0.0116604 0.98834
-1 0.0116589 0.988341
-1 0.0116589 0.988341
-1 0.01166 0.98834
-1 0.0116608 0.988339
-1 0.011661 0.988339
-1 0.0116608 0.988339
-1 0.0116599 0.98834
-1 0.0116617 0.988338
-1 0.0116589 0.988341
-1 0.011661 0.988339
-1 0.0116602 0.98834
-1 0.0116595 0.98834
-1 0.0116589 0.988341
-1 0.0116618 0.988338
-1 0.0116761 0.988324
-1 0.0116589 0.988341
-1 0.0116589 0.988341
-1 0.0116596 0.98834
-1 0.0116611 0.988339
-1 0.0116616 0.988338
-1 0.0116619 0.988338
-1 0.0116609 0.988339
-1 0.0117287 0.988271
-1 0.0116589 0.988341
-1 0.0116609 0.988339
-1 0.0116602 0.98834
-1 0.0116591 0.988341
-1 0.0116782 0.988322
-1 0.0116603 0.98834
-1 0.0116591 0.988341
-1 0.0116609 0.988339
-1 0.0116589 0.988341
-1 0.0116776 0.988322
-1 0.0116591 0.988341
-1 0.0116591 0.988341
-1 0.0118379 0.988162
-1 0.0116595 0.98834
-1 0.0116698 0.98833
-1 0.0116619 0.988338
-1 0.0116623 0.988338
-1 0.0116778 0.988322
-1 0.0116589 0.988341
-1 0.0116607 0.988339
-1 0.0116589 0.988341
-1 0.0116619 0.988338
-1 0.0116605 0.988339
-1 0.0116589 0.988341
-1 0.0116597 0.98834
-1 0.0116761 0.988324
-1 0.0116659 0.988334
-1 0.011671 0.988329
-1 0.0116698 0.98833
-1 0.0118379 0.988162
-1 0.0120188 0.987981
-1 0.0116731 0.988327
-1 0.0116592 0.988341
-1 0.0116618 0.988338
-1 0.0116607 0.988339
-1 0.0116597 0.98834
-1 0.0116615 0.988339
-1 0.0116672 0.988333
-1 0.0116618 0.988338
-1 0.0116589 0.988341
-1 0.0116599 0.98834
-1 0.0116619 0.988338
-1 0.0116589 0.988341
-1 0.0116589 0.988341
-1 0.0116591 0.988341
-1 0.0116623 0.988338
-1 0.0117872 0.988213
-1 0.0116567 0.988343
-1 0.0116589 0.988341
-1 0.0118677 0.988132
-1 0.0117049 0.988295
-1 0.0116589 0.988341
-1 0.0116589 0.988341
-1 0.0116773 0.988323
-1 0.0116599 0.98834
-1 0.0116589 0.988341
-1 0.0116617 0.988338
-1 0.0118409 0.988159
-1 0.0116618 0.988338
-1 0.011661 0.988339
-1 0.0116623 0.988338
-1 0.0116589 0.988341
-1 0.0116589 0.988341
-1 0.0117872 0.988213
-1 0.0116609 0.988339
-1 0.0116596 0.98834
-1 0.0116733 0.988327
-1 0.0116603 0.98834
-1 0.0117838 0.988216
-1 0.0116589 0.988341
-1 0.0116618 0.988338
-1 0.0117918 0.988208
-1 0.0116597 0.98834
-1 0.0116589 0.988341
-1 0.0116589 0.988341
-1 0.0116589 0.988341
-1 0.0116589 0.988341
-1 0.0116668 0.988333
-1 0.0116615 0.988338
-1 0.0116654 0.988335
-1 0.0116589 0.988341
-1 0.011671 0.988329
-1 0.0116589 0.988341
-1 0.0116623 0.988338
-1 0.0116619 0.988338
-1 0.0116684 0.988332
-1 0.0116616 0.988338
-1 0.0116589 0.988341
-1 0.0116857 0.988314
-1 0.011659 0.988341
-1 0.0116598 0.98834
-1 0.0116623 0.988338
-1 0.0116694 0.988331
-1 0.0116593 0.988341
-1 0.0116589 0.988341
-1 0.0116591 0.988341
-1 0.0116684 0.988332
-1 0.0116589 0.988341
-1 0.0116591 0.988341
-1 0.0116589 0.988341
-1 0.011661 0.988339
-1 0.0116589 0.988341
-1 0.0116595 0.988341
-1 0.0118386 0.988161
-1 0.0116605 0.988339
-1 0.0116597 0.98834
-1 0.0116622 0.988338
-1 0.0116782 0.988322
-1 0.0116799 0.98832
-1 0.0116589 0.988341
-1 0.0116589 0.988341
-1 0.0116589 0.988341
-1 0.0116668 0.988333
-1 0.011788 0.988212
-1 0.0116778 0.988322
-1 0.0116775 0.988322
-1 0.0116589 0.988341
-1 0.0116608 0.988339
-1 0.011665 0.988335
-1 0.0116619 0.988338
-1 0.0116615 0.988339
-1 0.0116591 0.988341
-1 0.0116622 0.988338
-1 0.0116605 0.98834
-1 0.0116589 0.988341
-1 0.0116592 0.988341
-1 0.0116619 0.988338
-1 0.0116589 0.988341
-1 0.0116589 0.988341
-1 0.0116619 0.988338
-1 0.0116589 0.988341
-1 0.0116609 0.988339
-1 0.0116621 0.988338
-1 0.0116623 0.988338
-1 0.0116753 0.988325
-1 0.0116589 0.988341
-1 0.0116776 0.988322
-1 0.0116616 0.988338
-1 0.0116589 0.988341
-1 0.0116589 0.988341
-1 0.0116589 0.988341
-1 0.0116589 0.988341
-1 0.0116608 0.988339
-1 0.0116589 0.988341
-1 0.0116589 0.988341
-1 0.0116591 0.988341
-1 0.0116613 0.988339
-1 0.0116604 0.98834
-1 0.0116615 0.988339
-1 0.0116589 0.988341
-1 0.0116618 0.988338
-1 0.0122913 0.987709
-1 0.011702 0.988298
-1 0.0116604 0.98834
-1 0.0117043 0.988296
-1 0.0116589 0.988341
-1 0.0116623 0.988338
-1 0.0116589 0.988341
-1 0.0116701 0.98833
-1 0.0116773 0.988323
-1 0.011659 0.988341
-1 0.0116618 0.988338
-1 0.0116623 0.988338
-1 0.011671 0.988329
-1 0.0116589 0.988341
-1 0.0116777 0.988322
-1 0.0116589 0.988341
-1 0.0116589 0.988341
-1 0.0117883 0.988212
-1 0.0118082 0.988192
-1 0.0116589 0.988341
-1 0.0116617 0.988338
-1 0.0116589 0.988341
-1 0.0116589 0.988341
-1 0.0116614 0.988339
-1 0.0116604 0.98834
-1 0.0116611 0.988339
-1 0.0116661 0.988334
-1 0.0116618 0.988338
-1 0.0116601 0.98834
-1 0.0116949 0.988305
-1 0.0116605 0.98834
-1 0.0116609 0.988339
-1 0.0116589 0.988341
-1 0.0116589 0.988341
-1 0.0116589 0.988341
-1 0.0118451 0.988155
-1 0.0116589 0.988341
-1 0.0116698 0.98833
-1 0.0116558 0.988344
-1 0.0120418 0.987958
-1 0.0116614 0.988339
-1 0.0116623 0.988338
-1 0.0116618 0.988338
-1 0.0116691 0.988331
-1 0.0116589 0.988341
-1 0.0116615 0.988339
-1 0.0116589 0.988341
-1 0.0116589 0.988341
-1 0.0116609 0.988339
-1 0.0116608 0.988339
-1 0.0116589 0.988341
-1 0.0116619 0.988338
-1 0.0118678 0.988132
-1 0.0116691 0.988331
-1 0.0116778 0.988322
-1 0.0116589 0.988341
-1 0.0116595 0.988341
-1 0.0116601 0.98834
-1 0.0116589 0.988341
-1 0.011659 0.988341
-1 0.0116784 0.988322
-1 0.0116789 0.988321
-1 0.011659 0.988341
-1 0.0116589 0.988341
-1 0.0118677 0.988132
-1 0.0116697 0.98833
-1 0.0116615 0.988339
-1 0.0116596 0.98834
-1 0.0116668 0.988333
-1 0.0116589 0.988341
-1 0.011662 0.988338
-1 0.0117261 0.988274
-1 0.0116618 0.988338
-1 0.0116611 0.988339
-1 0.0116597 0.98834
-1 0.0116623 0.988338
-1 0.0116589 0.988341
-1 0.0116664 0.988334
-1 0.0116592 0.988341
-1 0.0116617 0.988338
-1 0.0116614 0.988339
-1 0.0116608 0.988339
-1 0.0116738 0.988326
-1 0.0116609 0.988339
-1 0.0116782 0.988322
-1 0.0116589 0.988341
-1 0.0116938 0.988306
-1 0.0116589 0.988341
-1 0.0116589 0.988341
-1 0.0116591 0.988341
-1 0.0122482 0.987752
-1 0.0116589 0.988341
-1 0.0116619 0.988338
-1 0.0116791 0.988321
-1 0.0116611 0.988339
-1 0.0116589 0.988341
-1 0.0116592 0.988341
-1 0.0118171 0.988183
-1 0.0116608 0.988339
-1 0.0116623 0.988338
-1 0.0116778 0.988322
-1 0.0116573 0.988343
-1 0.0116589 0.988341
-1 0.0116589 0.988341
-1 0.0116591 0.988341
-1 0.0116996 0.9883
-1 0.0116576 0.988342
-1 0.0116784 0.988322
-1 0.0116589 0.988341
-1 0.0116589 0.988341
-1 0.0116825 0.988318
-1 0.0116614 0.988339
-1 0.0116618 0.988338
-1 0.0116589 0.988341
-1 0.0116617 0.988338
-1 0.0116904 0.98831
-1 0.0116619 0.988338
-1 0.0116621 0.988338
-1 0.0116773 0.988323
-1 0.0116635 0.988337
-1 0.0116666 0.988333
-1 0.0116604 0.98834
-1 0.011659 0.988341
-1 0.0116617 0.988338
-1 0.0116614 0.988339
-1 0.0116599 0.98834
-1 0.0116623 0.988338
-1 0.0116778 0.988322
-1 0.0116589 0.988341
-1 0.0116589 0.988341
-1 0.0116589 0.988341
-1 0.0116613 0.988339
-1 0.0116611 0.988339
-1 0.0116589 0.988341
-1 0.0116807 0.988319
-1 0.011667 0.988333
-1 0.0116731 0.988327
-1 0.0116591 0.988341
-1 0.0117872 0.988213
-1 0.0116595 0.98834
-1 0.0116618 0.988338
-1 0.011678 0.988322
-1 0.0116589 0.988341
-1 0.0120484 0.987952
-1 0.0116589 0.988341
-1 0.0114362 0.988564
-1 0.0116741 0.988326
-1 0.011673 0.988327
-1 0.0116816 0.988318
-1 0.0118434 0.988157
-1 0.0116605 0.988339
-1 0.0116589 0.988341
-1 0.0115002 0.9885
-1 0.0116589 0.988341
-1 0.0116618 0.988338
-1 0.0116617 0.988338
-1 0.0116622 0.988338
-1 0.0116597 0.98834
-1 0.0117314 0.988269
-1 0.0116658 0.988334
-1 0.011662 0.988338
-1 0.0116689 0.988331
-1 0.0116644 0.988336
-1 0.0116595 0.98834
-1 0.0116615 0.988338
-1 0.0116729 0.988327
-1 0.0116621 0.988338
-1 0.0116701 0.98833
-1 0.0116589 0.988341
-1 0.0116619 0.988338
-1 0.0116619 0.988338
-1 0.0120659 0.987934
-1 0.0116623 0.988338
-1 0.0116767 0.988323
-1 0.0116621 0.988338
-1 0.0116646 0.988335
-1 0.0116778 0.988322
-1 0.0117147 0.988285
-1 0.0116591 0.988341
-1 0.0116618 0.988338
-1 0.0116614 0.988339
-1 0.0118451 0.988155
-1 0.0116604 0.98834
-1 0.0118409 0.988159
-1 0.0116589 0.988341
-1 0.0116623 0.988338
-1 0.0116589 0.988341
-1 0.011696 0.988304
-1 0.011663 0.988337
-1 0.0116665 0.988333
-1 0.0116701 0.98833
-1 0.0116589 0.988341
-1 0.0116717 0.988328
-1 0.0116668 0.988333
-1 0.0116589 0.988341
-1 0.011661 0.988339
-1 0.011684 0.988316
-1 0.0116722 0.988328
-1 0.0116591 0.988341
-1 0.0116617 0.988338
-1 0.0116589 0.988341
-1 0.0116611 0.988339
-1 0.0116619 0.988338
-1 0.0116617 0.988338
-1 0.0116589 0.988341
-1 0.0116625 0.988337
-1 0.0116592 0.988341
-1 0.0116773 0.988323
-1 0.0116591 0.988341
-1 0.0116756 0.988324
-1 0.0116623 0.988338
-1 0.0116589 0.988341
-1 0.0116619 0.988338
-1 0.0116753 0.988325
-1 0.0116589 0.988341
-1 0.0123955 0.987604
-1 0.0116595 0.988341
-1 0.0116645 0.988336
-1 0.0116731 0.988327
-1 0.0116621 0.988338
-1 0.0116938 0.988306
-1 0.0116589 0.988341
-1 0.0116894 0.988311
-1 0.011663 0.988337
-1 0.0116589 0.988341
-1 0.0116589 0.988341
-1 0.0116623 0.988338
-1 0.0116589 0.988341
-1 0.0116589 0.988341
-1 0.0116627 0.988337
-1 0.0117537 0.988246
-1 0.0116591 0.988341
-1 0.0116591 0.988341
-1 0.0116694 0.988331
-1 0.0116612 0.988339
-1 0.0116589 0.988341
-1 0.0113947 0.988605
-1 0.0116619 0.988338
-1 0.0116589 0.988341
-1 0.0116619 0.988338
-1 0.0116589 0.988341
-1 0.0116591 0.988341
-1 0.0116623 0.988338
-1 0.0116597 0.98834
-1 0.0116593 0.988341
-1 0.0116623 0.988338
-1 0.0116589 0.988341
-1 0.0116591 0.988341
-1 0.0116586 0.988341
-1 0.0118387 0.988161
-1 0.0116682 0.988332
-1 0.0116623 0.988338
-1 0.0116685 0.988331
-1 0.0116597 0.98834
-1 0.0116799 0.98832
-1 0.0116591 0.988341
-1 0.0116589 0.988341
-1 0.0116599 0.98834
-1 0.0116741 0.988326
-1 0.0116591 0.988341
-1 0.0116788 0.988321
-1 0.0116589 0.988341
-1 0.0116727 0.988327
-1 0.0116593 0.988341
-1 0.0116614 0.988339
-1 0.0116614 0.988339
-1 0.0114229 0.988577
-1 0.0116609 0.988339
-1 0.0116685 0.988331
-1 0.0116618 0.988338
-1 0.0116589 0.988341
-1 0.0116824 0.988318
-1 0.0116589 0.988341
-1 0.0116589 0.988341
-1 0.0116591 0.988341
-1 0.0116618 0.988338
-1 0.0116709 0.988329
-1 0.01166 0.98834
-1 0.0116619 0.988338
-1 0.0116619 0.988338
-1 0.0116701 0.98833
-1 0.0116615 0.988339
-1 0.0116591 0.988341
-1 0.011671 0.988329
-1 0.0116592 0.988341
-1 0.0116727 0.988327
-1 0.0119014 0.988099
-1 0.0116667 0.988333
-1 0.0116589 0.988341
-1 0.0116611 0.988339
-1 0.0116674 0.988333
-1 0.0116612 0.988339
-1 0.0116782 0.988322
-1 0.0116544 0.988346
-1 0.0116645 0.988336
-1 0.0117896 0.98821
-1 0.0116589 0.988341
-1 0.0116589 0.988341
-1 0.0116589 0.988341
-1 0.0116627 0.988337
-1 0.0116145 0.988385
-1 0.0117872 0.988213
-1 0.0117872 0.988213
-1 0.0116589 0.988341
-1 0.0116591 0.988341
-1 0.011673 0.988327
-1 0.0116764 0.988324
-1 0.0116624 0.988338
-1 0.0116602 0.98834
-1 0.0116589 0.988341
-1 0.0116879 0.988312
-1 0.0116791 0.988321
-1 0.0118904 0.98811
-1 0.0116589 0.988341
-1 0.0118379 0.988162
-1 0.0116589 0.988341
-1 0.0116666 0.988333
-1 0.0116664 0.988334
-1 0.0116589 0.988341
-1 0.0117883 0.988212
-1 0.0116607 0.988339
-1 0.0116592 0.988341
-1 0.0116782 0.988322
-1 0.0116762 0.988324
-1 0.0116619 0.988338
-1 0.0116589 0.988341
-1 0.0116591 0.988341
-1 0.0116932 0.988307
-1 0.0116166 0.988383
-1 0.0118379 0.988162
-1 0.0116591 0.988341
-1 0.0116589 0.988341
-1 0.0116599 0.98834
-1 0.0116803 0.98832
-1 0.0116767 0.988323
-1 0.0116591 0.988341
-1 0.0120715 0.987929
-1 0.0116589 0.988341
-1 0.0116597 0.98834
-1 0.0116617 0.988338
-1 0.0116707 0.988329
-1 0.0116611 0.988339
-1 0.0116589 0.988341
-1 0.0116616 0.988338
-1 0.0116589 0.988341
-1 0.0116589 0.988341
-1 0.0116589 0.988341
-1 0.0116607 0.988339
-1 0.0116597 0.98834
-1 0.0116778 0.988322
-1 0.0116605 0.988339
-1 0.0116605 0.98834
-1 0.0116614 0.988339
-1 0.011673 0.988327
-1 0.0116595 0.98834
-1 0.0116605 0.988339
-1 0.0116589 0.988341
-1 0.0116605 0.98834
-1 0.0116668 0.988333
-1 0.011666 0.988334
-1 0.0116591 0.988341
-1 0.0116589 0.988341
-1 0.0116589 0.988341
-1 0.0116596 0.98834
-1 0.011673 0.988327
-1 0.0116898 0.98831
-1 0.0116608 0.988339
-1 0.0116623 0.988338
-1 0.0116589 0.988341
-1 0.0116589 0.988341
-1 0.0116756 0.988324
-1 0.0116621 0.988338
-1 0.0116605 0.988339
-1 0.0116591 0.988341
-1 0.0116766 0.988323
-1 0.011661 0.988339
-1 0.0116618 0.988338
-1 0.0116589 0.988341
-1 0.0118158 0.988184
-1 0.0116589 0.988341
-1 0.0116778 0.988322
-1 0.011659 0.988341
-1 0.0116728 0.988327
-1 0.0116589 0.988341
-1 0.0116589 0.988341
-1 0.0116765 0.988323
-1 0.0116767 0.988323
-1 0.0116619 0.988338
-1 0.0116589 0.988341
-1 0.0116651 0.988335
-1 0.0116707 0.988329
-1 0.0116589 0.988341
-1 0.0116594 0.988341
-1 0.0118679 0.988132
-1 0.0116797 0.98832
-1 0.0116601 0.98834
-1 0.0116785 0.988322
-1 0.0116734 0.988327
-1 0.0116589 0.988341
-1 0.0116709 0.988329
-1 0.0116659 0.988334
-1 0.0116589 0.988341
-1 0.011675 0.988325
-1 0.0116727 0.988327
-1 0.0116589 0.988341
-1 0.0116623 0.988338
-1 0.0116589 0.988341
-1 0.0116615 0.988339
-1 0.0116589 0.988341
-1 0.0116589 0.988341
-1 0.0116589 0.988341
-1 0.0116884 0.988312
-1 0.0116711 0.988329
-1 0.0116589 0.988341
-1 0.0116753 0.988325
-1 0.0116615 0.988338
-1 0.0116589 0.988341
-1 0.0116589 0.988341
-1 0.0116623 0.988338
-1 0.0116597 0.98834
-1 0.0116798 0.98832
-1 0.0116589 0.988341
-1 0.0116589 0.988341
-1 0.0116615 0.988339
-1 0.0116618 0.988338
-1 0.0116591 0.988341
-1 0.0116589 0.988341
-1 0.011662 0.988338
-1 0.0116591 0.988341
-1 0.0116589 0.988341
-1 0.0116686 0.988331
-1 0.0116625 0.988338
-1 0.0116623 0.988338
-1 0.0116761 0.988324
-1 0.0116602 0.98834
-1 0.0116589 0.988341
-1 0.0116607 0.988339
-1 0.0116665 0.988334
-1 0.0116611 0.988339
-1 0.0116699 0.98833
-1 0.0116591 0.988341
-1 0.0116618 0.988338
-1 0.0116618 0.988338
-1 0.0116591 0.988341
-1 0.011676 0.988324
-1 0.0116589 0.988341
-1 0.0116597 0.98834
-1 0.0116589 0.988341
-1 0.0116612 0.988339
-1 0.0116618 0.988338
-1 0.0116618 0.988338
-1 0.0116589 0.988341
-1 0.0116589 0.988341
-1 0.0116953 0.988305
-1 0.0116597 0.98834
-1 0.0116651 0.988335
-1 0.0116608 0.988339
-1 0.0116597 0.98834
-1 0.0116592 0.988341
-1 0.0116589 0.988341
-1 0.0116619 0.988338
-1 0.0116611 0.988339
-1 0.0116752 0.988325
-1 0.0116593 0.988341
-1 0.0116597 0.98834
-1 0.0116579 0.988342
-1 0.0116599 0.98834
-1 0.0118333 0.988167
-1 0.0116597 0.98834
-1 0.0116727 0.988327
-1 0.0116589 0.988341
-1 0.0116724 0.988328
-1 0.011662 0.988338
-1 0.0116589 0.988341
-1 0.0116589 0.988341
-1 0.0116589 0.988341
-1 0.0116589 0.988341
-1 0.0116607 0.988339
-1 0.0116798 0.98832
-1 0.0116754 0.988325
-1 0.0116589 0.988341
-1 0.0116747 0.988325
-1 0.0116589 0.988341
-1 0.0116623 0.988338
-1 0.0116616 0.988338
-1 0.0118679 0.988132
-1 0.0116589 0.988341
-1 0.0116773 0.988323
-1 0.0116589 0.988341
-1 0.0116594 0.988341
-1 0.0116579 0.988342
-1 0.0116589 0.988341
-1 0.0120465 0.987954
-1 0.0116591 0.988341
-1 0.0116589 0.988341
-1 0.0121558 0.987844
-1 0.0116642 0.988336
-1 0.0116589 0.988341
-1 0.0116623 0.988338
-1 0.0116589 0.988341
-1 0.0116622 0.988338
-1 0.0116608 0.988339
-1 0.0116615 0.988339
-1 0.0116594 0.988341
-1 0.0117872 0.988213
-1 0.0116605 0.98834
-1 0.0116773 0.988323
-1 0.0116591 0.988341
-1 0.011659 0.988341
-1 0.0116589 0.988341
-1 0.0116589 0.988341
-1 0.0118379 0.988162
-1 0.0116783 0.988322
-1 0.0116623 0.988338
-1 0.0116617 0.988338
-1 0.0116597 0.98834
-1 0.0116711 0.988329
-1 0.0121963 0.987804
-1 0.0116589 0.988341
-1 0.0116589 0.988341
-1 0.0117827 0.988217
-1 0.0116621 0.988338
-1 0.011684 0.988316
-1 0.0118827 0.988117
-1 0.0116689 0.988331
-1 0.0116622 0.988338
-1 0.0116589 0.988341
-1 0.0116721 0.988328
-1 0.0116664 0.988334
-1 0.0116608 0.988339
-1 0.0116619 0.988338
-1 0.0116591 0.988341
-1 0.0116617 0.988338
-1 0.0116589 0.988341
-1 0.0116741 0.988326
-1 0.0116589 0.988341
-1 0.0116592 0.988341
-1 0.0116606 0.988339
-1 0.0116681 0.988332
-1 0.0116601 0.98834
-1 0.0116589 0.988341
-1 0.0116621 0.988338
-1 0.0116589 0.988341
-1 0.0116589 0.988341
-1 0.0116759 0.988324
-1 0.0116589 0.988341
-1 0.0116589 0.988341
-1 0.0116595 0.98834
-1 0.0116601 0.98834
-1 0.0116576 0.988342
-1 0.0118379 0.988162
-1 0.0116589 0.988341
-1 0.0116589 0.988341
-1 0.0116617 0.988338
-1 0.0116589 0.988341
-1 0.0116617 0.988338
-1 0.0116611 0.988339
-1 0.0116612 0.988339
-1 0.0116611 0.988339
-1 0.0116591 0.988341
-1 0.0116589 0.988341
-1 0.0116605 0.988339
-1 0.0116609 0.988339
-1 0.0116597 0.98834
-1 0.0116619 0.988338
-1 0.0116599 0.98834
-1 0.0116595 0.988341
-1 0.0116841 0.988316
-1 0.0116591 0.988341
-1 0.0116614 0.988339
-1 0.0116597 0.98834
-1 0.0116591 0.988341
-1 0.0118677 0.988132
-1 0.0116618 0.988338
-1 0.0116623 0.988338
-1 0.0118409 0.988159
-1 0.0116614 0.988339
-1 0.0116618 0.988338
-1 0.011661 0.988339
-1 0.0116589 0.988341
-1 0.0116607 0.988339
-1 0.0116623 0.988338
-1 0.0116678 0.988332
-1 0.011716 0.988284
-1 0.0116625 0.988338
-1 0.0116597 0.98834
-1 0.0116589 0.988341
-1 0.0116597 0.98834
-1 0.0116611 0.988339
-1 0.0116589 0.988341
-1 0.0116589 0.988341
-1 0.0116619 0.988338
-1 0.0116619 0.988338
-1 0.0115825 0.988417
-1 0.0116589 0.988341
-1 0.0116631 0.988337
-1 0.0116589 0.988341
-1 0.0116602 0.98834
-1 0.0116615 0.988339
-1 0.0116623 0.988338
-1 0.0116766 0.988323
-1 0.0119332 0.988067
-1 0.0116807 0.988319
-1 0.0116611 0.988339
-1 0.0116591 0.988341
-1 0.0116589 0.988341
-1 0.0116801 0.98832
-1 0.0116618 0.988338
-1 0.0116589 0.988341
-1 0.0116589 0.988341
-1 0.0116618 0.988338
-1 0.0116589 0.988341
-1 0.0116608 0.988339
-1 0.011659 0.988341
-1 0.0116589 0.988341
-1 0.0116782 0.988322
-1 0.0116589 0.988341
-1 0.0116589 0.988341
-1 0.0116778 0.988322
-1 0.0116902 0.98831
-1 0.0116654 0.988335
-1 0.0116589 0.988341
-1 0.0116597 0.98834
-1 0.0116589 0.988341
-1 0.0116592 0.988341
-1 0.0116591 0.988341
-1 0.0116709 0.988329
-1 0.0116589 0.988341
-1 0.0116626 0.988337
-1 0.0116589 0.988341
-1 0.0121525 0.987847
-1 0.0116589 0.988341
-1 0.0116719 0.988328
-1 0.0117896 0.98821
-1 0.0116708 0.988329
-1 0.0116589 0.988341
-1 0.0116589 0.988341
-1 0.0116597 0.98834
-1 0.0116589 0.988341
-1 0.0116603 0.98834
-1 0.0116693 0.988331
-1 0.0116609 0.988339
-1 0.0116589 0.988341
-1 0.0116782 0.988322
-1 0.0116618 0.988338
-1 0.0116589 0.988341
-1 0.0118382 0.988162
-1 0.0116618 0.988338
-1 0.0116589 0.988341
-1 0.0116589 0.988341
-1 0.0116792 0.988321
-1 0.0116589 0.988341
-1 0.0116589 0.988341
-1 0.0116592 0.988341
-1 0.0116619 0.988338
-1 0.011661 0.988339
-1 0.0116589 0.988341
-1 0.0116589 0.988341
-1 0.0116605 0.98834
-1 0.0118677 0.988132
-1 0.0116306 0.988369
-1 0.0118679 0.988132
-1 0.0118379 0.988162
-1 0.0116768 0.988323
-1 0.0116597 0.98834
-1 0.0116599 0.98834
-1 0.0118451 0.988155
-1 0.0116613 0.988339
-1 0.0116589 0.988341
-1 0.0116618 0.988338
-1 0.0116617 0.988338
-1 0.0116589 0.988341
-1 0.0116605 0.988339
-1 0.0118393 0.988161
-1 0.0116623 0.988338
-1 0.0116589 0.988341
-1 0.0116678 0.988332
-1 0.0116519 0.988348
-1 0.0116589 0.988341
-1 0.0116701 0.98833
-1 0.0116597 0.98834
-1 0.0116591 0.988341
-1 0.0116594 0.988341
-1 0.0116611 0.988339
-1 0.0116589 0.988341
-1 0.0116623 0.988338
-1 0.0116589 0.988341
-1 0.0109675 0.989032
-1 0.0116618 0.988338
-1 0.0116595 0.988341
-1 0.0116618 0.988338
-1 0.0117757 0.988224
-1 0.0116733 0.988327
-1 0.0116856 0.988314
-1 0.0116591 0.988341
-1 0.0116589 0.988341
-1 0.0116601 0.98834
-1 0.0118451 0.988155
-1 0.0116589 0.988341
-1 0.0116589 0.988341
-1 0.0116611 0.988339
-1 0.0116589 0.988341
-1 0.0116592 0.988341
-1 0.0116593 0.988341
-1 0.0116589 0.988341
-1 0.0118907 0.988109
-1 0.0116622 0.988338
-1 0.0116619 0.988338
-1 0.0116619 0.988338
-1 0.0116592 0.988341
-1 0.011659 0.988341
-1 0.0116589 0.988341
-1 0.0116589 0.988341
-1 0.0116602 0.98834
-1 0.0116614 0.988339
-1 0.0116591 0.988341
-1 0.0116589 0.988341
-1 0.011788 0.988212
-1 0.0116593 0.988341
-1 0.0116598 0.98834
-1 0.0116589 0.988341
-1 0.0116784 0.988322
-1 0.0116623 0.988338
-1 0.011661 0.988339
-1 0.0116621 0.988338
-1 0.0116605 0.988339
-1 0.0116589 0.988341
-1 0.0116605 0.988339
-1 0.0116619 0.988338
-1 0.0116618 0.988338
-1 0.0116613 0.988339
-1 0.0116589 0.988341
-1 0.0116687 0.988331
-1 0.0116614 0.988339
-1 0.0116589 0.988341
-1 0.0116589 0.988341
-1 0.0116597 0.98834
-1 0.0116605 0.98834
-1 0.0116664 0.988334
-1 0.0116605 0.988339
-1 0.0116604 0.98834
-1 0.0116596 0.98834
-1 0.0116615 0.988338
-1 0.0116613 0.988339
-1 0.0116614 0.988339
-1 0.0116589 0.988341
-1 0.0117007 0.988299
-1 0.0116701 0.98833
-1 0.0116621 0.988338
-1 0.0118379 0.988162
-1 0.0116754 0.988325
-1 0.0116591 0.988341
-1 0.0116606 0.988339
-1 0.0116619 0.988338
-1 0.0116618 0.988338
-1 0.0119443 0.988056
-1 0.0116605 0.988339
-1 0.0116607 0.988339
-1 0.0116589 0.988341
-1 0.0116623 0.988338
-1 0.0116604 0.98834
-1 0.0116611 0.988339
-1 0.0116915 0.988308
-1 0.0116634 0.988337
-1 0.0116661 0.988334
-1 0.0116619 0.988338
-1 0.0116343 0.988366
-1 0.0116589 0.988341
-1 0.0116605 0.98834
-1 0.0116618 0.988338
-1 0.0116767 0.988323
-1 0.0116615 0.988338
-1 0.0116616 0.988338
-1 0.0116641 0.988336
-1 0.0116756 0.988324
-1 0.0116808 0.988319
-1 0.0116589 0.988341
-1 0.0116818 0.988318
-1 0.0116619 0.988338
-1 0.0116591 0.988341
-1 0.0116742 0.988326
-1 0.0116972 0.988303
-1 0.0116613 0.988339
-1 0.0116589 0.988341
-1 0.0117872 0.988213
-1 0.01167 0.98833
-1 0.0116611 0.988339
-1 0.0116589 0.988341
-1 0.0116617 0.988338
-1 0.0116612 0.988339
-1 0.0116778 0.988322
-1 0.0116819 0.988318
-1 0.0116593 0.988341
-1 0.0115748 0.988425
-1 0.0116668 0.988333
-1 0.0117007 0.988299
-1 0.0116778 0.988322
-1 0.0116625 0.988338
-1 0.0116589 0.988341
-1 0.0116599 0.98834
-1 0.0116619 0.988338
-1 0.0116599 0.98834
-1 0.0116677 0.988332
-1 0.0116589 0.988341
-1 0.0117261 0.988274
-1 0.0116623 0.988338
-1 0.0116685 0.988331
-1 0.0116589 0.988341
-1 0.0116784 0.988322
-1 0.011839 0.988161
-1 0.0116589 0.988341
-1 0.0116589 0.988341
-1 0.0116611 0.988339
-1 0.0116597 0.98834
-1 0.0116589 0.988341
-1 0.0116621 0.988338
-1 0.0116639 0.988336
-1 0.0116589 0.988341
-1 0.0116589 0.988341
-1 0.0116597 0.98834
-1 0.0116612 0.988339
-1 0.0116856 0.988314
-1 0.0116611 0.988339
-1 0.0116778 0.988322
-1 0.0116754 0.988325
-1 0.0118171 0.988183
-1 0.0116593 0.988341
-1 0.0116761 0.988324
-1 0.0117007 0.988299
-1 0.0116611 0.988339
-1 0.011659 0.988341
-1 0.0116591 0.988341
-1 0.011742 0.988258
-1 0.0116589 0.988341
-1 0.0116767 0.988323
-1 0.0116782 0.988322
-1 0.0116589 0.988341
-1 0.0116751 0.988325
-1 0.0116589 0.988341
-1 0.0116589 0.988341
-1 0.0116611 0.988339
-1 0.0116591 0.988341
-1 0.0116589 0.988341
-1 0.0116589 0.988341
-1 0.0116609 0.988339
-1 0.0116619 0.988338
-1 0.0116589 0.988341
-1 0.0116589 0.988341
-1 0.0116515 0.988348
-1 0.0116602 0.98834
-1 0.0116694 0.988331
-1 0.0116589 0.988341
-1 0.0116608 0.988339
-1 0.0116615 0.988339
-1 0.0116597 0.98834
-1 0.0116738 0.988326
-1 0.0116601 0.98834
-1 0.0116589 0.988341
-1 0.0116595 0.988341
-1 0.0116773 0.988323
-1 0.0116597 0.98834
-1 0.0116589 0.988341
-1 0.0116647 0.988335
-1 0.011662 0.988338
-1 0.0115425 0.988458
-1 0.011662 0.988338
-1 0.0116604 0.98834
-1 0.011673 0.988327
-1 0.0116604 0.98834
-1 0.0116589 0.988341
-1 0.0116791 0.988321
-1 0.0116605 0.988339
-1 0.0116589 0.988341
-1 0.0116626 0.988337
-1 0.0116627 0.988337
-1 0.011673 0.988327
-1 0.0116589 0.988341
-1 0.0116589 0.988341
-1 0.0116663 0.988334
-1 0.0116594 0.988341
-1 0.0116589 0.988341
-1 0.0116615 0.988339
-1 0.0116805 0.98832
-1 0.0116592 0.988341
-1 0.0116591 0.988341
-1 0.0116589 0.988341
-1 0.0116767 0.988323
-1 0.0116591 0.988341
-1 0.0116607 0.988339
-1 0.0116619 0.988338
-1 0.0116589 0.988341
-1 0.0116738 0.988326
-1 0.0116593 0.988341
-1 0.0116589 0.988341
-1 0.0116668 0.988333
-1 0.0116593 0.988341
-1 0.0116589 0.988341
-1 0.011673 0.988327
-1 0.0116619 0.988338
-1 0.0116589 0.988341
-1 0.0116589 0.988341
-1 0.0117799 0.98822
-1 0.0116589 0.988341
-1 0.0116778 0.988322
-1 0.0116743 0.988326
-1 0.0116605 0.988339
-1 0.0116663 0.988334
-1 0.0116589 0.988341
-1 0.0116589 0.988341
-1 0.0116686 0.988331
-1 0.011793 0.988207
-1 0.0116597 0.98834
-1 0.0116589 0.988341
-1 0.011661 0.988339
-1 0.0116589 0.988341
-1 0.0116616 0.988338
-1 0.0116589 0.988341
-1 0.0116595 0.988341
-1 0.0118677 0.988132
-1 0.0116623 0.988338
-1 0.0117872 0.988213
-1 0.0116567 0.988343
-1 0.0116616 0.988338
-1 0.0116592 0.988341
-1 0.0116782 0.988322
-1 0.0116589 0.988341
-1 0.0116589 0.988341
-1 0.011659 0.988341
-1 0.0116589 0.988341
-1 0.0116597 0.98834
-1 0.0116782 0.988322
-1 0.0116614 0.988339
-1 0.0116619 0.988338
-1 0.0116589 0.988341
-1 0.0116589 0.988341
-1 0.0117186 0.988281
-1 0.0116589 0.988341
-1 0.0116708 0.988329
-1 0.0116614 0.988339
-1 0.0116716 0.988328
-1 0.0117936 0.988206
-1 0.0116621 0.988338
-1 0.0116589 0.988341
-1 0.0116589 0.988341
-1 0.0116591 0.988341
-1 0.0116589 0.988341
-1 0.0116625 0.988337
-1 0.0116589 0.988341
-1 0.0116434 0.988357
-1 0.0116623 0.988338
-1 0.0117213 0.988279
-1 0.0116591 0.988341
-1 0.0116612 0.988339
-1 0.011679 0.988321
-1 0.0116618 0.988338
-1 0.0116589 0.988341
-1 0.0116663 0.988334
-1 0.0117872 0.988213
-1 0.011664 0.988336
-1 0.01167 0.98833
-1 0.0116623 0.988338
-1 0.0116619 0.988338
-1 0.011839 0.988161
-1 0.0116589 0.988341
-1 0.0116724 0.988328
-1 0.0116613 0.988339
-1 0.0116665 0.988333
-1 0.0116618 0.988338
-1 0.0116623 0.988338
-1 0.0116711 0.988329
-1 0.0116591 0.988341
-1 0.011661 0.988339
-1 0.0116623 0.988338
-1 0.0116592 0.988341
-1 0.0116754 0.988325
-1 0.0116591 0.988341
-1 0.0116739 0.988326
-1 0.011659 0.988341
-1 0.0116618 0.988338
-1 0.0116589 0.988341
-1 0.0116668 0.988333
-1 0.0116589 0.988341
-1 0.0116593 0.988341
-1 0.011788 0.988212
-1 0.0116596 0.98834
-1 0.0116589 0.988341
-1 0.0116589 0.988341
-1 0.0116785 0.988322
-1 0.0116618 0.988338
-1 0.0116616 0.988338
-1 0.0116593 0.988341
-1 0.0116611 0.988339
-1 0.0116644 0.988336
-1 0.0116588 0.988341
-1 0.0116589 0.988341
-1 0.0116602 0.98834
-1 0.0116599 0.98834
-1 0.0116591 0.988341
-1 0.0116731 0.988327
-1 0.0116589 0.988341
-1 0.0116589 0.988341
-1 0.0116589 0.988341
-1 0.0116589 0.988341
-1 0.0116589 0.988341
-1 0.0116589 0.988341
-1 0.0116619 0.988338
-1 0.0116801 0.98832
-1 0.0116708 0.988329
-1 0.0116609 0.988339
-1 0.0116773 0.988323
-1 0.0116611 0.988339
-1 0.0116589 0.988341
-1 0.0116748 0.988325
-1 0.0116819 0.988318
-1 0.0116589 0.988341
-1 0.0118677 0.988132
-1 0.0116724 0.988328
-1 0.0116611 0.988339
-1 0.0116608 0.988339
-1 0.0116596 0.98834
-1 0.0116735 0.988326
-1 0.0116589 0.988341
-1 0.0116591 0.988341
-1 0.0116589 0.988341
-1 0.0116615 0.988339
-1 0.0116653 0.988335
-1 0.0116589 0.988341
-1 0.0116597 0.98834
-1 0.0116668 0.988333
-1 0.0116603 0.98834
-1 0.0116589 0.988341
-1 0.0116589 0.988341
-1 0.0117301 0.98827
-1 0.0116589 0.988341
-1 0.0116902 0.98831
-1 0.0116589 0.988341
-1 0.0116589 0.988341
-1 0.0116778 0.988322
-1 0.0116789 0.988321
-1 0.0118605 0.98814
-1 0.011659 0.988341
-1 0.0117896 0.98821
-1 0.0116589 0.988341
-1 0.0116605 0.988339
-1 0.0116589 0.988341
-1 0.0116618 0.988338
-1 0.0116619 0.988338
-1 0.0116613 0.988339
-1 0.0116823 0.988318
-1 0.0116619 0.988338
-1 0.0116612 0.988339
-1 0.0116616 0.988338
-1 0.0116654 0.988335
-1 0.0116589 0.988341
-1 0.0116589 0.988341
-1 0.0116589 0.988341
-1 0.0117653 0.988235
-1 0.0116783 0.988322
-1 0.0116595 0.988341
-1 0.0118678 0.988132
-1 0.0116602 0.98834
-1 0.0116589 0.988341
-1 0.0116777 0.988322
-1 0.0116618 0.988338
-1 0.0116778 0.988322
-1 0.0116589 0.988341
-1 0.0116605 0.988339
-1 0.0116589 0.988341
-1 0.0116589 0.988341
-1 0.0116617 0.988338
-1 0.0116589 0.988341
-1 0.0116599 0.98834
-1 0.0116625 0.988338
-1 0.0116591 0.988341
-1 0.0116617 0.988338
-1 0.0116602 0.98834
-1 0.0116773 0.988323
-1 0.0116589 0.988341
-1 0.0116589 0.988341
-1 0.0116619 0.988338
-1 0.0116609 0.988339
-1 0.0116639 0.988336
-1 0.0116628 0.988337
-1 0.0116776 0.988322
-1 0.0116589 0.988341
-1 0.0116275 0.988373
-1 0.0116605 0.988339
-1 0.0116591 0.988341
-1 0.0116589 0.988341
-1 0.0122031 0.987797
-1 0.0116787 0.988321
-1 0.0116824 0.988318
-1 0.0116597 0.98834
-1 0.0116776 0.988322
-1 0.0116621 0.988338
-1 0.0116581 0.988342
-1 0.0116593 0.988341
-1 0.0119058 0.988094
-1 0.0117023 0.988298
-1 0.0116589 0.988341
-1 0.0116592 0.988341
-1 0.0116675 0.988332
-1 0.0116589 0.988341
-1 0.0116611 0.988339
-1 0.0116589 0.988341
-1 0.0116589 0.988341
-1 0.0116602 0.98834
-1 0.0116589 0.988341
-1 0.011659 0.988341
-1 0.0116618 0.988338
-1 0.0116597 0.98834
-1 0.0116589 0.988341
-1 0.0116602 0.98834
-1 0.0116615 0.988339
-1 0.0116599 0.98834
-1 0.0116619 0.988338
-1 0.0116589 0.988341
-1 0.0117878 0.988212
-1 0.0117508 0.988249
-1 0.0116597 0.98834
-1 0.0116655 0.988334
-1 0.0116691 0.988331
-1 0.0117764 0.988224
-1 0.0116782 0.988322
-1 0.0116589 0.988341
-1 0.0116589 0.988341
-1 0.0116631 0.988337
-1 0.0116618 0.988338
-1 0.0116589 0.988341
-1 0.0116597 0.98834
-1 0.0116589 0.988341
-1 0.0116619 0.988338
-1 0.0116614 0.988339
-1 0.0116606 0.988339
-1 0.0116589 0.988341
-1 0.0116752 0.988325
-1 0.0116614 0.988339
-1 0.0116605 0.98834
-1 0.0127473 0.987253
-1 0.0116589 0.988341
-1 0.0116617 0.988338
-1 0.0116589 0.988341
-1 0.0116625 0.988338
-1 0.0116614 0.988339
-1 0.0116673 0.988333
-1 0.0116606 0.988339
-1 0.0116614 0.988339
-1 0.0116589 0.988341
-1 0.0116602 0.98834
-1 0.0116753 0.988325
-1 0.0116608 0.988339
-1 0.0116601 0.98834
-1 0.0120647 0.987935
-1 0.0116767 0.988323
-1 0.0116603 0.98834
-1 0.0116589 0.988341
-1 0.0116604 0.98834
-1 0.0116663 0.988334
-1 0.0117878 0.988212
-1 0.0116754 0.988325
-1 0.0116611 0.988339
-1 0.0116921 0.988308
-1 0.0116619 0.988338
-1 0.0116589 0.988341
-1 0.0116619 0.988338
-1 0.011718 0.988282
-1 0.0118379 0.988162
-1 0.011665 0.988335
-1 0.0117113 0.988289
-1 0.0116619 0.988338
-1 0.0116773 0.988323
-1 0.0116744 0.988326
-1 0.0116589 0.988341
-1 0.0116615 0.988339
-1 0.0116773 0.988323
-1 0.0116623 0.988338
-1 0.011659 0.988341
-1 0.0116597 0.98834
-1 0.0116595 0.988341
-1 0.0116701 0.98833
-1 0.0116791 0.988321
-1 0.0117808 0.988219
-1 0.0116589 0.988341
-1 0.0116614 0.988339
-1 0.0116605 0.988339
-1 0.0116589 0.988341
-1 0.0116589 0.988341
-1 0.0121988 0.987801
-1 0.0116589 0.988341
-1 0.0116618 0.988338
-1 0.0116589 0.988341
-1 0.0118398 0.98816
-1 0.0116608 0.988339
-1 0.0116589 0.988341
-1 0.0116608 0.988339
-1 0.0116778 0.988322
-1 0.0116589 0.988341
-1 0.0117147 0.988285
-1 0.0116589 0.988341
-1 0.0116595 0.988341
-1 0.0116589 0.988341
-1 0.0116589 0.988341
-1 0.0116573 0.988343
-1 0.0116727 0.988327
-1 0.0116681 0.988332
-1 0.0116592 0.988341
-1 0.0116803 0.98832
-1 0.0116591 0.988341
-1 0.0116701 0.98833
-1 0.0116589 0.988341
-1 0.0116755 0.988325
-1 0.0116589 0.988341
-1 0.0116589 0.988341
-1 0.0116615 0.988339
-1 0.0116645 0.988336
-1 0.011673 0.988327
-1 0.0116589 0.988341
-1 0.0117887 0.988211
-1 0.0116589 0.988341
-1 0.011671 0.988329
-1 0.0116589 0.988341
-1 0.0116807 0.988319
-1 0.0116589 0.988341
-1 0.01167 0.98833
-1 0.0116597 0.98834
-1 0.0119626 0.988037
-1 0.0116591 0.988341
-1 0.0116623 0.988338
-1 0.0116609 0.988339
-1 0.0116624 0.988338
-1 0.0116708 0.988329
-1 0.0116778 0.988322
-1 0.0116608 0.988339
-1 0.0116589 0.988341
-1 0.0116589 0.988341
-1 0.0116591 0.988341
-1 0.0116727 0.988327
-1 0.0111847 0.988815
-1 0.0116589 0.988341
-1 0.011678 0.988322
-1 0.0116623 0.988338
-1 0.0116589 0.988341
-1 0.011659 0.988341
-1 0.0116589 0.988341
-1 0.0116605 0.98834
-1 0.0116622 0.988338
-1 0.0116609 0.988339
-1 0.0116589 0.988341
-1 0.0117896 0.98821
-1 0.0116597 0.98834
-1 0.0116668 0.988333
-1 0.011661 0.988339
-1 0.0116605 0.98834
-1 0.0116823 0.988318
-1 0.0116614 0.988339
-1 0.0116619 0.988338
-1 0.0116642 0.988336
-1 0.0116624 0.988338
-1 0.0116627 0.988337
-1 0.0116848 0.988315
-1 0.0116589 0.988341
-1 0.0132348 0.986765
-1 0.0123048 0.987695
-1 0.0116614 0.988339
-1 0.0116623 0.988338
-1 0.0116596 0.98834
-1 0.0116592 0.988341
-1 0.0116618 0.988338
-1 0.011673 0.988327
-1 0.0116589 0.988341
-1 0.0116589 0.988341
-1 0.0116838 0.988316
-1 0.011375 0.988625
-1 0.0116612 0.988339
-1 0.0116639 0.988336
-1 0.0116767 0.988323
-1 0.0116589 0.988341
-1 0.0116767 0.988323
-1 0.0116601 0.98834
-1 0.0116608 0.988339
-1 0.011661 0.988339
-1 0.0116621 0.988338
-1 0.0116589 0.988341
-1 0.0116589 0.988341
-1 0.0116601 0.98834
-1 0.0118379 0.988162
-1 0.0116701 0.98833
-1 0.0116599 0.98834
-1 0.0116623 0.988338
-1 0.0116591 0.988341
-1 0.0116619 0.988338
-1 0.0116589 0.988341
-1 0.011662 0.988338
-1 0.0116619 0.988338
-1 0.0116591 0.988341
-1 0.0116618 0.988338
-1 0.0117765 0.988224
-1 0.0116589 0.988341
-1 0.0116607 0.988339
-1 0.0116589 0.988341
-1 0.0116605 0.988339
-1 0.0116619 0.988338
-1 0.0116619 0.988338
-1 0.0116589 0.988341
-1 0.0116597 0.98834
-1 0.011736 0.988264
-1 0.0116608 0.988339
-1 0.0116605 0.988339
-1 0.0116621 0.988338
-1 0.0116599 0.98834
-1 0.0117872 0.988213
-1 0.0116754 0.988325
-1 0.0116731 0.988327
-1 0.0116625 0.988338
-1 0.0116616 0.988338
-1 0.0116839 0.988316
-1 0.0116606 0.988339
-1 0.0116857 0.988314
-1 0.011662 0.988338
-1 0.0116589 0.988341
-1 0.0116589 0.988341
-1 0.0116782 0.988322
-1 0.0116589 0.988341
-1 0.0116605 0.98834
-1 0.0116589 0.988341
-1 0.0116607 0.988339
-1 0.0116685 0.988331
-1 0.0116593 0.988341
-1 0.0116613 0.988339
-1 0.0116597 0.98834
-1 0.0116597 0.98834
-1 0.0118679 0.988132
-1 0.0116589 0.988341
-1 0.0116589 0.988341
-1 0.0116778 0.988322
-1 0.0116597 0.98834
-1 0.0116602 0.98834
-1 0.0116589 0.988341
-1 0.0116589 0.988341
-1 0.0116589 0.988341
-1 0.011661 0.988339
-1 0.011689 0.988311
-1 0.0116698 0.98833
-1 0.0116619 0.988338
-1 0.0116618 0.988338
-1 0.0120489 0.987951
-1 0.0116591 0.988341
-1 0.0116589 0.988341
-1 0.0116597 0.98834
-1 0.0116593 0.988341
-1 0.0116619 0.988338
-1 0.0116623 0.988338
-1 0.0116589 0.988341
-1 0.0116589 0.988341
-1 0.0116597 0.98834
-1 0.0116589 0.988341
-1 0.0116933 0.988307
-1 0.0118782 0.988122
-1 0.0117988 0.988201
-1 0.012189 0.987811
-1 0.0118451 0.988155
-1 0.011667 0.988333
-1 0.0116589 0.988341
-1 0.0116836 0.988316
-1 0.0116591 0.988341
-1 0.0116623 0.988338
-1 0.0116589 0.988341
-1 0.0116589 0.988341
-1 0.0116626 0.988337
-1 0.0116589 0.988341
-1 0.0116601 0.98834
-1 0.0116605 0.988339
-1 0.0116589 0.988341
-1 0.0116589 0.988341
-1 0.0116676 0.988332
-1 0.0116623 0.988338
-1 0.0118677 0.988132
-1 0.0116589 0.988341
-1 0.0116589 0.988341
-1 0.0116589 0.988341
-1 0.011661 0.988339
-1 0.0116687 0.988331
-1 0.0117014 0.988299
-1 0.0116597 0.98834
-1 0.0116801 0.98832
-1 0.0116708 0.988329
-1 0.0116589 0.988341
-1 0.0116589 0.988341
-1 0.0116589 0.988341
-1 0.0116596 0.98834
-1 0.0116589 0.988341
-1 0.0116618 0.988338
-1 0.0118379 0.988162
-1 0.0116589 0.988341
-1 0.0116589 0.988341
-1 0.0116592 0.988341
-1 0.0116623 0.988338
-1 0.0116591 0.988341
-1 0.0116589 0.988341
-1 0.0116615 0.988339
-1 0.0116775 0.988322
-1 0.011662 0.988338
-1 0.0116589 0.988341
-1 0.0116595 0.988341
-1 0.0116591 0.988341
-1 0.0116609 0.988339
-1 0.0118679 0.988132
-1 0.0116591 0.988341
-1 0.0116614 0.988339
-1 0.0116589 0.988341
-1 0.0116589 0.988341
-1 0.0116593 0.988341
-1 0.0116647 0.988335
-1 0.0116589 0.988341
-1 0.0116597 0.98834
-1 0.0116589 0.988341
-1 0.0116674 0.988333
-1 0.0116618 0.988338
-1 0.0116597 0.98834
-1 0.0116589 0.988341
-1 0.0116619 0.988338
-1 0.0116589 0.988341
-1 0.0116589 0.988341
-1 0.0118379 0.988162
-1 0.0116611 0.988339
-1 0.0116589 0.988341
-1 0.0116757 0.988324
-1 0.0116589 0.988341
-1 0.0116589 0.988341
-1 0.0116589 0.988341
-1 0.0116763 0.988324
-1 0.0116599 0.98834
-1 0.0116761 0.988324
-1 0.0122492 0.987751
-1 0.0116589 0.988341
-1 0.0116589 0.988341
-1 0.0116626 0.988337
-1 0.0116589 0.988341
-1 0.0116589 0.988341
-1 0.0116589 0.988341
-1 0.0116589 0.988341
-1 0.0116589 0.988341
-1 0.0116589 0.988341
-1 0.0116605 0.98834
-1 0.0117887 0.988211
-1 0.0116618 0.988338
-1 0.0116598 0.98834
-1 0.0116859 0.988314
-1 0.0116623 0.988338
-1 0.0116603 0.98834
-1 0.0118379 0.988162
-1 0.0116685 0.988332
-1 0.0116592 0.988341
-1 0.0116589 0.988341
-1 0.0116589 0.988341
-1 0.0116589 0.988341
-1 0.011661 0.988339
-1 0.0117878 0.988212
-1 0.0117104 0.98829
-1 0.0116589 0.988341
-1 0.0118066 0.988193
-1 0.0116617 0.988338
-1 0.0116589 0.988341
-1 0.0117872 0.988213
-1 0.0117098 0.98829
-1 0.0116784 0.988322
-1 0.0116607 0.988339
-1 0.011661 0.988339
-1 0.0116615 0.988339
-1 0.0116623 0.988338
-1 0.0116608 0.988339
-1 0.0116589 0.988341
-1 0.011423 0.988577
-1 0.0116605 0.988339
-1 0.0116589 0.988341
-1 0.0116618 0.988338
-1 0.0116618 0.988338
-1 0.0116595 0.98834
-1 0.0116614 0.988339
-1 0.0116856 0.988314
-1 0.0116615 0.988339
-1 0.0116606 0.988339
-1 0.0116809 0.988319
-1 0.0116623 0.988338
-1 0.0116767 0.988323
-1 0.0116681 0.988332
-1 0.0116589 0.988341
-1 0.0116618 0.988338
-1 0.0116591 0.988341
-1 0.0116814 0.988319
-1 0.0116589 0.988341
-1 0.0116589 0.988341
-1 0.0116601 0.98834
-1 0.0116791 0.988321
-1 0.0116589 0.988341
-1 0.0118451 0.988155
-1 0.0116589 0.988341
-1 0.0116638 0.988336
-1 0.0116635 0.988337
-1 0.0116589 0.988341
-1 0.011667 0.988333
-1 0.0116589 0.988341
-1 0.0121806 0.987819
-1 0.0116618 0.988338
-1 0.0116589 0.988341
-1 0.0116591 0.988341
-1 0.0116734 0.988327
-1 0.0116591 0.988341
-1 0.0117764 0.988224
-1 0.0116782 0.988322
-1 0.0116853 0.988315
-1 0.0116609 0.988339
-1 0.0116784 0.988322
-1 0.0116615 0.988338
-1 0.0116616 0.988338
-1 0.0116589 0.988341
-1 0.0116597 0.98834
-1 0.0116597 0.98834
-1 0.0116603 0.98834
-1 0.0116589 0.988341
-1 0.0116591 0.988341
-1 0.0116773 0.988323
-1 0.0116614 0.988339
-1 0.0116589 0.988341
-1 0.0116597 0.98834
-1 0.0116589 0.988341
-1 0.0116747 0.988325
-1 0.0116589 0.988341
-1 0.0116589 0.988341
-1 0.0116617 0.988338
-1 0.0116592 0.988341
-1 0.0116592 0.988341
-1 0.0116589 0.988341
-1 0.0117016 0.988298
-1 0.0116589 0.988341
-1 0.0116761 0.988324
-1 0.0116591 0.988341
-1 0.0116589 0.988341
-1 0.0116623 0.988338
-1 0.011661 0.988339
-1 0.0116802 0.98832
-1 0.0116589 0.988341
-1 0.0116589 0.988341
-1 0.0116589 0.988341
-1 0.0116589 0.988341
-1 0.0116589 0.988341
-1 0.0116613 0.988339
-1 0.0116615 0.988339
-1 0.0116623 0.988338
-1 0.0116638 0.988336
-1 0.0116589 0.988341
-1 0.0116589 0.988341
-1 0.0116618 0.988338
-1 0.0116691 0.988331
-1 0.0116589 0.988341
-1 0.0116619 0.988338
-1 0.0116589 0.988341
-1 0.0116591 0.988341
-1 0.0116609 0.988339
-1 0.0116623 0.988338
-1 0.0116618 0.988338
-1 0.0116618 0.988338
-1 0.0116611 0.988339
-1 0.0116651 0.988335
-1 0.0116591 0.988341
-1 0.0116591 0.988341
-1 0.0118766 0.988123
-1 0.0116615 0.988339
-1 0.0116761 0.988324
-1 0.0116619 0.988338
-1 0.0116593 0.988341
-1 0.01166 0.98834
-1 0.0116589 0.988341
-1 0.0116589 0.988341
-1 0.0116597 0.98834
-1 0.0116618 0.988338
-1 0.0116608 0.988339
-1 0.0116838 0.988316
-1 0.0116589 0.988341
-1 0.0116589 0.988341
-1 0.0115938 0.988406
-1 0.0116601 0.98834
-1 0.0116853 0.988315
-1 0.0116623 0.988338
-1 0.0116591 0.988341
-1 0.0116617 0.988338
-1 0.0116768 0.988323
-1 0.0116617 0.988338
-1 0.0116623 0.988338
-1 0.0116591 0.988341
-1 0.0116592 0.988341
-1 0.011673 0.988327
-1 0.0116589 0.988341
-1 0.0116603 0.98834
-1 0.0116589 0.988341
-1 0.0116589 0.988341
-1 0.0116591 0.988341
-1 0.011662 0.988338
-1 0.0116589 0.988341
-1 0.01168 0.98832
-1 0.0116768 0.988323
-1 0.0116589 0.988341
-1 0.011684 0.988316
-1 0.0116589 0.988341
-1 0.0118379 0.988162
-1 0.0116589 0.988341
-1 0.0116623 0.988338
-1 0.0116589 0.988341
-1 0.0116603 0.98834
-1 0.0116592 0.988341
-1 0.0116589 0.988341
-1 0.0116597 0.98834
-1 0.0116623 0.988338
-1 0.0118372 0.988163
-1 0.0116589 0.988341
-1 0.0116886 0.988311
-1 0.011659 0.988341
-1 0.0116886 0.988311
-1 0.0116611 0.988339
-1 0.0116613 0.988339
-1 0.011793 0.988207
-1 0.0116591 0.988341
-1 0.0118677 0.988132
-1 0.0116589 0.988341
-1 0.0116601 0.98834
-1 0.0116777 0.988322
-1 0.0116649 0.988335
-1 0.0116589 0.988341
-1 0.0116623 0.988338
-1 0.0116592 0.988341
-1 0.0116605 0.98834
-1 0.0116605 0.988339
-1 0.0116589 0.988341
-1 0.0116618 0.988338
-1 0.0116901 0.98831
-1 0.0116842 0.988316
-1 0.0116591 0.988341
-1 0.0116589 0.988341
-1 0.0116848 0.988315
-1 0.0116625 0.988337
-1 0.0116855 0.988315
-1 0.0117828 0.988217
-1 0.0118679 0.988132
-1 0.0116674 0.988333
-1 0.0116836 0.988316
-1 0.0116589 0.988341
-1 0.0116618 0.988338
-1 0.0116589 0.988341
-1 0.0116683 0.988332
-1 0.0116589 0.988341
-1 0.0116747 0.988325
-1 0.0116589 0.988341
-1 0.0116623 0.988338
-1 0.0116611 0.988339
-1 0.0116723 0.988328
-1 0.0116618 0.988338
-1 0.0118379 0.988162
-1 0.0116485 0.988352
-1 0.0116589 0.988341
-1 0.0116619 0.988338
-1 0.0116599 0.98834
-1 0.0116617 0.988338
-1 0.0116604 0.98834
-1 0.0116597 0.98834
-1 0.0116589 0.988341
-1 0.0116611 0.988339
-1 0.0116591 0.988341
-1 0.0116589 0.988341
-1 0.0116589 0.988341
-1 0.011676 0.988324
-1 0.0116589 0.988341
-1 0.0116697 0.98833
-1 0.0116589 0.988341
-1 0.0116589 0.988341
-1 0.0116589 0.988341
-1 0.0116564 0.988344
-1 0.0116611 0.988339
-1 0.0116597 0.98834
-1 0.0116697 0.98833
-1 0.011661 0.988339
-1 0.0116467 0.988353
-1 0.0116591 0.988341
-1 0.0116589 0.988341
-1 0.011661 0.988339
-1 0.0116544 0.988346
-1 0.0118678 0.988132
-1 0.0116618 0.988338
-1 0.0116685 0.988332
-1 0.0116589 0.988341
-1 0.0116591 0.988341
-1 0.0116618 0.988338
-1 0.0116591 0.988341
-1 0.0117872 0.988213
-1 0.0116605 0.988339
-1 0.0116613 0.988339
-1 0.0116578 0.988342
-1 0.0116589 0.988341
-1 0.0116591 0.988341
-1 0.0120085 0.987991
-1 0.0116803 0.98832
-1 0.011788 0.988212
-1 0.0116589 0.988341
-1 0.0116589 0.988341
-1 0.0116589 0.988341
-1 0.0116614 0.988339
-1 0.0116611 0.988339
-1 0.0116589 0.988341
-1 0.0116589 0.988341
-1 0.0116619 0.988338
-1 0.0116589 0.988341
-1 0.0116778 0.988322
-1 0.0116589 0.988341
-1 0.0116609 0.988339
-1 0.0116972 0.988303
-1 0.0118782 0.988122
-1 0.0116589 0.988341
-1 0.0116599 0.98834
-1 0.0116595 0.98834
-1 0.0116778 0.988322
-1 0.0116589 0.988341
-1 0.0116608 0.988339
-1 0.0116591 0.988341
-1 0.0116724 0.988328
-1 0.0116619 0.988338
-1 0.0116616 0.988338
-1 0.0116589 0.988341
-1 0.0116646 0.988335
-1 0.0116606 0.988339
-1 0.0116589 0.988341
-1 0.0116589 0.988341
-1 0.0116589 0.988341
-1 0.011662 0.988338
-1 0.0116615 0.988339
-1 0.0118677 0.988132
-1 0.0116589 0.988341
-1 0.0116589 0.988341
-1 0.0116591 0.988341
-1 0.0116589 0.988341
-1 0.0116758 0.988324
-1 0.0116625 0.988338
-1 0.0116632 0.988337
-1 0.0120896 0.98791
-1 0.0116591 0.988341
-1 0.0116589 0.988341
-1 0.0116659 0.988334
-1 0.0116599 0.98834
-1 0.0116623 0.988338
-1 0.0116484 0.988352
-1 0.011661 0.988339
-1 0.0118019 0.988198
-1 0.0116611 0.988339
-1 0.0116618 0.988338
-1 0.0117028 0.988297
-1 0.0118458 0.988154
-1 0.0116589 0.988341
-1 0.0116621 0.988338
-1 0.0116589 0.988341
-1 0.0116623 0.988338
-1 0.0116619 0.988338
-1 0.0116668 0.988333
-1 0.0116614 0.988339
-1 0.0116795 0.988321
-1 0.0116593 0.988341
-1 0.0116615 0.988338
-1 0.0116619 0.988338
-1 0.0116589 0.988341
-1 0.0116589 0.988341
-1 0.0118398 0.98816
-1 0.0116623 0.988338
-1 0.0116619 0.988338
-1 0.0116589 0.988341
-1 0.0116683 0.988332
-1 0.0116602 0.98834
-1 0.0116597 0.98834
-1 0.0116589 0.988341
-1 0.0116589 0.988341
-1 0.0116753 0.988325
-1 0.0116589 0.988341
-1 0.0116597 0.98834
-1 0.0116683 0.988332
-1 0.0116589 0.988341
-1 0.0116616 0.988338
-1 0.0116589 0.988341
-1 0.0116623 0.988338
-1 0.0116589 0.988341
-1 0.0118677 0.988132
-1 0.0116589 0.988341
-1 0.0116611 0.988339
-1 0.0117007 0.988299
-1 0.0116615 0.988339
-1 0.0116624 0.988338
-1 0.011661 0.988339
-1 0.0116593 0.988341
-1 0.0116782 0.988322
-1 0.0116948 0.988305
